<?xml version="1.0" encoding="UTF-8"?>
<robot generator="Robot 7.2.2 (Python 3.13.3 on win32)" generated="2025-05-17T15:43:07.356690" rpa="false" schemaversion="5">
<suite id="s1" name="My Robot Project" source="C:\Users\MatinRK\Documents\my_robot_project">
<suite id="s1-s1" name="Tests" source="C:\Users\MatinRK\Documents\my_robot_project\tests">
<suite id="s1-s1-s1" name="Closest" source="C:\Users\MatinRK\Documents\my_robot_project\tests\closest.robot">
<kw name="Initialize Mobile Browser" owner="common" type="SETUP">
<kw name="Create Dictionary" owner="BuiltIn">
<msg time="2025-05-17T15:43:07.626513" level="INFO">${mobile_emulation} = {'deviceName': 'Pixel 2'}</msg>
<var>${mobile_emulation}</var>
<arg>deviceName</arg>
<arg>Pixel 2</arg>
<doc>Creates and returns a dictionary based on the given ``items``.</doc>
<status status="PASS" start="2025-05-17T15:43:07.626029" elapsed="0.000929"/>
</kw>
<kw name="Evaluate" owner="BuiltIn">
<msg time="2025-05-17T15:43:07.627787" level="INFO">${options} = &lt;selenium.webdriver.chrome.options.Options object at 0x000002510AD56660&gt;</msg>
<var>${options}</var>
<arg>sys.modules['selenium.webdriver'].ChromeOptions()</arg>
<arg>sys,selenium.webdriver</arg>
<doc>Evaluates the given expression in Python and returns the result.</doc>
<status status="PASS" start="2025-05-17T15:43:07.627243" elapsed="0.000747"/>
</kw>
<kw name="Call Method" owner="BuiltIn">
<arg>${options}</arg>
<arg>add_experimental_option</arg>
<arg>mobileEmulation</arg>
<arg>${mobile_emulation}</arg>
<doc>Calls the named method of the given object with the provided arguments.</doc>
<status status="PASS" start="2025-05-17T15:43:07.628260" elapsed="0.000408"/>
</kw>
<kw name="Open Browser" owner="SeleniumLibrary">
<msg time="2025-05-17T15:43:07.629699" level="INFO">Opening browser 'chrome' to base url 'https://zoodexwalk.ir'.</msg>
<arg>${WALK_URL}</arg>
<arg>${BROWSER}</arg>
<arg>options=${options}</arg>
<doc>Opens a new browser instance to the optional ``url``.</doc>
<status status="PASS" start="2025-05-17T15:43:07.628908" elapsed="4.650319"/>
</kw>
<status status="PASS" start="2025-05-17T15:43:07.625070" elapsed="4.654817"/>
</kw>
<test id="s1-s1-s1-t1" name="Closest Vendor Test" line="12">
<kw name="Go To Zoodex Walk" owner="common" type="SETUP">
<kw name="Go To" owner="SeleniumLibrary">
<msg time="2025-05-17T15:43:12.284157" level="INFO">Opening url 'https://zoodexwalk.ir'</msg>
<arg>${WALK_URL}</arg>
<doc>Navigates the current browser window to the provided ``url``.</doc>
<status status="PASS" start="2025-05-17T15:43:12.283637" elapsed="0.075356"/>
</kw>
<doc>Go to zoodex walk</doc>
<status status="PASS" start="2025-05-17T15:43:12.282445" elapsed="0.076847"/>
</kw>
<kw name="Sleep" owner="BuiltIn">
<msg time="2025-05-17T15:43:15.361295" level="INFO">Slept 3 seconds.</msg>
<arg>3s</arg>
<doc>Pauses the test executed for the given time.</doc>
<status status="PASS" start="2025-05-17T15:43:12.359975" elapsed="3.002542"/>
</kw>
<kw name="Wait Until Element Is Visible" owner="SeleniumLibrary">
<arg>${SEARCH}</arg>
<arg>${TIMEOUT}</arg>
<doc>Waits until the element ``locator`` is visible.</doc>
<status status="PASS" start="2025-05-17T15:43:15.364494" elapsed="0.060564"/>
</kw>
<kw name="Wait Until Element Is Visible" owner="SeleniumLibrary">
<arg>${CLOSEST}</arg>
<arg>${TIMEOUT}</arg>
<doc>Waits until the element ``locator`` is visible.</doc>
<status status="PASS" start="2025-05-17T15:43:15.425555" elapsed="0.082232"/>
</kw>
<kw name="Click Element" owner="SeleniumLibrary">
<msg time="2025-05-17T15:43:15.509010" level="INFO">Clicking element 'id=where-to-go-where_to_go_closest'.</msg>
<arg>${CLOSEST}</arg>
<doc>Click the element identified by ``locator``.</doc>
<status status="PASS" start="2025-05-17T15:43:15.508403" elapsed="0.171558"/>
</kw>
<kw name="Sleep" owner="BuiltIn">
<msg time="2025-05-17T15:43:18.682264" level="INFO">Slept 3 seconds.</msg>
<arg>3s</arg>
<doc>Pauses the test executed for the given time.</doc>
<status status="PASS" start="2025-05-17T15:43:15.680604" elapsed="3.002339"/>
</kw>
<kw name="Click Element" owner="SeleniumLibrary">
<msg time="2025-05-17T15:43:18.684310" level="INFO">Clicking element 'id=submit-location'.</msg>
<arg>${SUBMIT_LOCATION_BUTTON}</arg>
<doc>Click the element identified by ``locator``.</doc>
<status status="PASS" start="2025-05-17T15:43:18.683692" elapsed="0.168973"/>
</kw>
<kw name="Sleep" owner="BuiltIn">
<msg time="2025-05-17T15:43:20.855283" level="INFO">Slept 2 seconds.</msg>
<arg>2s</arg>
<doc>Pauses the test executed for the given time.</doc>
<status status="PASS" start="2025-05-17T15:43:18.853491" elapsed="2.002363"/>
</kw>
<kw name="Wait Until Element Is Visible" owner="SeleniumLibrary">
<arg>${SEARCH}</arg>
<arg>${TIMEOUT}</arg>
<doc>Waits until the element ``locator`` is visible.</doc>
<status status="PASS" start="2025-05-17T15:43:20.856938" elapsed="0.037016"/>
</kw>
<kw name="Capture Page Screenshot" owner="SeleniumLibrary" type="TEARDOWN">
<msg time="2025-05-17T15:43:21.329597" level="INFO" html="true">&lt;/td&gt;&lt;/tr&gt;&lt;tr&gt;&lt;td colspan="3"&gt;&lt;a href="selenium-screenshot-19.png"&gt;&lt;img src="selenium-screenshot-19.png" width="800px"&gt;&lt;/a&gt;</msg>
<doc>Takes a screenshot of the current page and embeds it into a log file.</doc>
<status status="PASS" start="2025-05-17T15:43:20.895269" elapsed="0.434786"/>
</kw>
<status status="PASS" start="2025-05-17T15:43:12.280753" elapsed="9.050571"/>
</test>
<kw name="Close All Browsers" owner="SeleniumLibrary" type="TEARDOWN">
<doc>Closes all open browsers and resets the browser cache.</doc>
<status status="PASS" start="2025-05-17T15:43:21.333896" elapsed="6.427094"/>
</kw>
<status status="PASS" start="2025-05-17T15:43:07.394147" elapsed="20.367556"/>
</suite>
<status status="PASS" start="2025-05-17T15:43:07.390883" elapsed="20.375823"/>
</suite>
<status status="PASS" start="2025-05-17T15:43:07.361259" elapsed="20.407660"/>
</suite>
<statistics>
<total>
<stat pass="1" fail="0" skip="0">All Tests</stat>
</total>
<tag>
</tag>
<suite>
<stat name="My Robot Project" id="s1" pass="1" fail="0" skip="0">My Robot Project</stat>
<stat name="Tests" id="s1-s1" pass="1" fail="0" skip="0">My Robot Project.Tests</stat>
<stat name="Closest" id="s1-s1-s1" pass="1" fail="0" skip="0">My Robot Project.Tests.Closest</stat>
</suite>
</statistics>
<errors>
</errors>
</robot>
