<?xml version="1.0" encoding="UTF-8"?>
<robot generator="Robot 7.2.2 (Python 3.13.3 on win32)" generated="2025-05-15T08:53:01.834183" rpa="false" schemaversion="5">
<suite id="s1" name="My Robot Project" source="C:\Users\MatinRK\Documents\my_robot_project">
<suite id="s1-s1" name="Tests" source="C:\Users\MatinRK\Documents\my_robot_project\tests">
<suite id="s1-s1-s1" name="E2E Zoodex Walk Web Mobile" source="C:\Users\MatinRK\Documents\my_robot_project\tests\e2e_zoodex_walk_web_mobile.robot">
<kw name="Initialize Mobile Browser" owner="common" type="SETUP">
<kw name="Create Dictionary" owner="BuiltIn">
<msg time="2025-05-15T08:53:02.175121" level="INFO">${mobile_emulation} = {'deviceName': 'Pixel 2'}</msg>
<var>${mobile_emulation}</var>
<arg>deviceName</arg>
<arg>Pixel 2</arg>
<doc>Creates and returns a dictionary based on the given ``items``.</doc>
<status status="PASS" start="2025-05-15T08:53:02.174584" elapsed="0.000749"/>
</kw>
<kw name="Evaluate" owner="BuiltIn">
<msg time="2025-05-15T08:53:02.176533" level="INFO">${options} = &lt;selenium.webdriver.chrome.options.Options object at 0x000001603CA163C0&gt;</msg>
<var>${options}</var>
<arg>sys.modules['selenium.webdriver'].ChromeOptions()</arg>
<arg>sys,selenium.webdriver</arg>
<doc>Evaluates the given expression in Python and returns the result.</doc>
<status status="PASS" start="2025-05-15T08:53:02.175601" elapsed="0.001119"/>
</kw>
<kw name="Call Method" owner="BuiltIn">
<arg>${options}</arg>
<arg>add_experimental_option</arg>
<arg>mobileEmulation</arg>
<arg>${mobile_emulation}</arg>
<doc>Calls the named method of the given object with the provided arguments.</doc>
<status status="PASS" start="2025-05-15T08:53:02.176962" elapsed="0.000595"/>
</kw>
<kw name="Open Browser" owner="SeleniumLibrary">
<msg time="2025-05-15T08:53:02.178349" level="INFO">Opening browser 'chrome' to base url 'https://zoodex.ir'.</msg>
<arg>${ZOODEX_URL}</arg>
<arg>${BROWSER}</arg>
<arg>options=${options}</arg>
<doc>Opens a new browser instance to the optional ``url``.</doc>
<status status="PASS" start="2025-05-15T08:53:02.177808" elapsed="55.876749"/>
</kw>
<status status="PASS" start="2025-05-15T08:53:02.173528" elapsed="55.881360"/>
</kw>
<test id="s1-s1-s1-t1" name="E2E: Zoodex Walk User Search Vendor And Order" line="80">
<kw name="Go To Zoodex Walk" owner="common" type="SETUP">
<kw name="Go To" owner="SeleniumLibrary">
<msg time="2025-05-15T08:53:58.058675" level="INFO">Opening url 'https://zoodexwalk.ir'</msg>
<arg>${WALK_URL}</arg>
<doc>Navigates the current browser window to the provided ``url``.</doc>
<status status="PASS" start="2025-05-15T08:53:58.058007" elapsed="0.743381"/>
</kw>
<doc>Go to zoodex walk</doc>
<status status="PASS" start="2025-05-15T08:53:58.057086" elapsed="0.744564"/>
</kw>
<kw name="Sleep" owner="BuiltIn">
<msg time="2025-05-15T08:54:01.805684" level="INFO">Slept 3 seconds.</msg>
<arg>3s</arg>
<doc>Pauses the test executed for the given time.</doc>
<status status="PASS" start="2025-05-15T08:53:58.802291" elapsed="3.004572"/>
</kw>
<kw name="Search ,Add Item And Doubble It">
<kw name="Wait Until Element Is Visible" owner="SeleniumLibrary">
<arg>${SEARCH}</arg>
<arg>${TIMEOUT}</arg>
<doc>Waits until the element ``locator`` is visible.</doc>
<status status="PASS" start="2025-05-15T08:54:01.811876" elapsed="0.156292"/>
</kw>
<kw name="Click Element" owner="SeleniumLibrary">
<msg time="2025-05-15T08:54:01.968856" level="INFO">Clicking element 'id=index-search'.</msg>
<arg>${SEARCH}</arg>
<doc>Click the element identified by ``locator``.</doc>
<status status="PASS" start="2025-05-15T08:54:01.968456" elapsed="0.175087"/>
</kw>
<kw name="Wait Until Element Is Visible" owner="SeleniumLibrary">
<arg>${SEARCH_BOX}</arg>
<arg>${TIMEOUT}</arg>
<doc>Waits until the element ``locator`` is visible.</doc>
<status status="PASS" start="2025-05-15T08:54:02.143872" elapsed="0.265767"/>
</kw>
<kw name="Input Text" owner="SeleniumLibrary">
<msg time="2025-05-15T08:54:02.410400" level="INFO">Typing text 'پیتزا' into text field 'id=search-input'.</msg>
<arg>${SEARCH_BOX}</arg>
<arg>${SEARCH_WORD}</arg>
<doc>Types the given ``text`` into the text field identified by ``locator``.</doc>
<status status="PASS" start="2025-05-15T08:54:02.409937" elapsed="0.111459"/>
</kw>
<kw name="Sleep" owner="BuiltIn">
<msg time="2025-05-15T08:54:05.522630" level="INFO">Slept 3 seconds.</msg>
<arg>3s</arg>
<doc>Pauses the test executed for the given time.</doc>
<status status="PASS" start="2025-05-15T08:54:02.521657" elapsed="3.001743"/>
</kw>
<kw name="Wait Until Element Is Visible" owner="SeleniumLibrary">
<arg>${FIRST_SEARCH_RESULT}</arg>
<arg>${TIMEOUT}</arg>
<doc>Waits until the element ``locator`` is visible.</doc>
<status status="PASS" start="2025-05-15T08:54:05.524070" elapsed="0.046133"/>
</kw>
<kw name="Click Element" owner="SeleniumLibrary">
<msg time="2025-05-15T08:54:05.570922" level="INFO">Clicking element 'id=product-532388'.</msg>
<arg>${FIRST_SEARCH_RESULT}</arg>
<doc>Click the element identified by ``locator``.</doc>
<status status="PASS" start="2025-05-15T08:54:05.570483" elapsed="0.171820"/>
</kw>
<kw name="Wait Until Element Is Visible" owner="SeleniumLibrary">
<arg>${ADD_BUTTON1}</arg>
<arg>${TIMEOUT}</arg>
<doc>Waits until the element ``locator`` is visible.</doc>
<status status="PASS" start="2025-05-15T08:54:05.742541" elapsed="0.099021"/>
</kw>
<kw name="Click Element" owner="SeleniumLibrary">
<msg time="2025-05-15T08:54:05.842180" level="INFO">Clicking element 'id=product-add-532388'.</msg>
<arg>${ADD_BUTTON1}</arg>
<doc>Click the element identified by ``locator``.</doc>
<status status="PASS" start="2025-05-15T08:54:05.841803" elapsed="0.235364"/>
</kw>
<kw name="Wait Until Element Is Visible" owner="SeleniumLibrary">
<arg>${PLUS_BUTTON1}</arg>
<arg>${TIMEOUT}</arg>
<doc>Waits until the element ``locator`` is visible.</doc>
<status status="PASS" start="2025-05-15T08:54:06.077420" elapsed="0.033113"/>
</kw>
<kw name="Click Element" owner="SeleniumLibrary">
<msg time="2025-05-15T08:54:06.111177" level="INFO">Clicking element 'id=plus-product-532388'.</msg>
<arg>${PLUS_BUTTON1}</arg>
<doc>Click the element identified by ``locator``.</doc>
<status status="PASS" start="2025-05-15T08:54:06.110804" elapsed="0.226878"/>
</kw>
<doc>Open search box and search , choose a item , add to cart</doc>
<status status="PASS" start="2025-05-15T08:54:01.809297" elapsed="4.528574"/>
</kw>
<kw name="Close Search">
<kw name="Wait Until Element Is Visible" owner="SeleniumLibrary">
<arg>${GO_BACK_BUTTON}</arg>
<arg>${TIMEOUT}</arg>
<doc>Waits until the element ``locator`` is visible.</doc>
<status status="PASS" start="2025-05-15T08:54:06.338791" elapsed="0.035928"/>
</kw>
<kw name="Click Element" owner="SeleniumLibrary">
<msg time="2025-05-15T08:54:06.375339" level="INFO">Clicking element 'id=product-detail-back'.</msg>
<arg>${GO_BACK_BUTTON}</arg>
<doc>Click the element identified by ``locator``.</doc>
<status status="PASS" start="2025-05-15T08:54:06.374968" elapsed="0.229129"/>
</kw>
<doc>Return from search to home screen</doc>
<status status="PASS" start="2025-05-15T08:54:06.338323" elapsed="0.266341"/>
</kw>
<kw name="Go To First Vendor">
<kw name="Wait Until Element Is Visible" owner="SeleniumLibrary">
<arg>${FIRST_VENDOR}</arg>
<arg>${TIMEOUT}</arg>
<doc>Waits until the element ``locator`` is visible.</doc>
<status status="PASS" start="2025-05-15T08:54:06.606829" elapsed="0.229635"/>
</kw>
<kw name="Click Element" owner="SeleniumLibrary">
<msg time="2025-05-15T08:54:06.837091" level="INFO">Clicking element 'id=vendor-card-GardenofMeysamKhanRestaurant'.</msg>
<arg>${FIRST_VENDOR}</arg>
<doc>Click the element identified by ``locator``.</doc>
<status status="PASS" start="2025-05-15T08:54:06.836720" elapsed="0.185405"/>
</kw>
<doc>Open first vendor</doc>
<status status="PASS" start="2025-05-15T08:54:06.605682" elapsed="0.416758"/>
</kw>
<kw name="Go To Menu Select a Food ,And Empty Order">
<kw name="Wait Until Element Is Visible" owner="SeleniumLibrary">
<arg>${SHOW_MENU_BUTTON}</arg>
<arg>${TIMEOUT}</arg>
<doc>Waits until the element ``locator`` is visible.</doc>
<status status="PASS" start="2025-05-15T08:54:07.023533" elapsed="0.326881"/>
</kw>
<kw name="Click Element" owner="SeleniumLibrary">
<msg time="2025-05-15T08:54:07.351220" level="INFO">Clicking element 'id=vendor-index-go-to-menu'.</msg>
<arg>${SHOW_MENU_BUTTON}</arg>
<doc>Click the element identified by ``locator``.</doc>
<status status="PASS" start="2025-05-15T08:54:07.350848" elapsed="0.256920"/>
</kw>
<kw name="Switch Between Menu Tabs">
<kw name="Wait Until Element Is Visible" owner="SeleniumLibrary">
<arg>${MENU_TAB1}</arg>
<arg>${TIMEOUT}</arg>
<doc>Waits until the element ``locator`` is visible.</doc>
<status status="PASS" start="2025-05-15T08:54:07.609073" elapsed="1.047548"/>
</kw>
<kw name="Click Element" owner="SeleniumLibrary">
<msg time="2025-05-15T08:54:08.657385" level="INFO">Clicking element 'id=nav-58140'.</msg>
<arg>${MENU_TAB1}</arg>
<doc>Click the element identified by ``locator``.</doc>
<status status="PASS" start="2025-05-15T08:54:08.656927" elapsed="0.232740"/>
</kw>
<kw name="Sleep" owner="BuiltIn">
<msg time="2025-05-15T08:54:10.890940" level="INFO">Slept 2 seconds.</msg>
<arg>2s</arg>
<doc>Pauses the test executed for the given time.</doc>
<status status="PASS" start="2025-05-15T08:54:08.890104" elapsed="2.001193"/>
</kw>
<kw name="Click Element" owner="SeleniumLibrary">
<msg time="2025-05-15T08:54:10.891980" level="INFO">Clicking element 'id=nav-58138'.</msg>
<arg>${MENU_TAB2}</arg>
<doc>Click the element identified by ``locator``.</doc>
<status status="PASS" start="2025-05-15T08:54:10.891538" elapsed="0.195827"/>
</kw>
<kw name="Sleep" owner="BuiltIn">
<msg time="2025-05-15T08:54:13.088286" level="INFO">Slept 2 seconds.</msg>
<arg>2s</arg>
<doc>Pauses the test executed for the given time.</doc>
<status status="PASS" start="2025-05-15T08:54:11.087705" elapsed="2.000958"/>
</kw>
<kw name="Click Element" owner="SeleniumLibrary">
<msg time="2025-05-15T08:54:13.089424" level="INFO">Clicking element 'id=nav-58129'.</msg>
<arg>${MENU_TAB3}</arg>
<doc>Click the element identified by ``locator``.</doc>
<status status="PASS" start="2025-05-15T08:54:13.088936" elapsed="0.163678"/>
</kw>
<kw name="Sleep" owner="BuiltIn">
<msg time="2025-05-15T08:54:16.253882" level="INFO">Slept 3 seconds.</msg>
<arg>3s</arg>
<doc>Pauses the test executed for the given time.</doc>
<status status="PASS" start="2025-05-15T08:54:13.252878" elapsed="3.001531"/>
</kw>
<kw name="Click Element" owner="SeleniumLibrary">
<msg time="2025-05-15T08:54:16.255408" level="INFO">Clicking element 'id=nav-58129'.</msg>
<arg>${MENU_TAB3}</arg>
<doc>Click the element identified by ``locator``.</doc>
<status status="PASS" start="2025-05-15T08:54:16.254788" elapsed="0.163980"/>
</kw>
<kw name="Sleep" owner="BuiltIn">
<msg time="2025-05-15T08:54:18.420143" level="INFO">Slept 2 seconds.</msg>
<arg>2s</arg>
<doc>Pauses the test executed for the given time.</doc>
<status status="PASS" start="2025-05-15T08:54:16.418997" elapsed="2.002796"/>
</kw>
<doc>switch between menu tabs in vendor</doc>
<status status="PASS" start="2025-05-15T08:54:07.608339" elapsed="10.814167"/>
</kw>
<kw name="Wait Until Element Is Visible" owner="SeleniumLibrary">
<arg>${ADD_BUTTON2}</arg>
<arg>${TIMEOUT}</arg>
<doc>Waits until the element ``locator`` is visible.</doc>
<status status="PASS" start="2025-05-15T08:54:18.423208" elapsed="0.046556"/>
</kw>
<kw name="Click Element" owner="SeleniumLibrary">
<msg time="2025-05-15T08:54:18.470409" level="INFO">Clicking element 'id=product-add-850274'.</msg>
<arg>${ADD_BUTTON2}</arg>
<doc>Click the element identified by ``locator``.</doc>
<status status="PASS" start="2025-05-15T08:54:18.470034" elapsed="0.153274"/>
</kw>
<kw name="Wait Until Element Is Visible" owner="SeleniumLibrary">
<arg>${EMPTY_CARD}</arg>
<arg>${TIMEOUT}</arg>
<doc>Waits until the element ``locator`` is visible.</doc>
<status status="PASS" start="2025-05-15T08:54:18.623570" elapsed="0.029899"/>
</kw>
<kw name="Click Button" owner="SeleniumLibrary">
<msg time="2025-05-15T08:54:18.654118" level="INFO">Clicking button 'id=remove-current-cart'.</msg>
<arg>${EMPTY_CARD}</arg>
<doc>Clicks the button identified by ``locator``.</doc>
<status status="PASS" start="2025-05-15T08:54:18.653727" elapsed="0.219954"/>
</kw>
<kw name="Sleep" owner="BuiltIn">
<msg time="2025-05-15T08:54:21.875015" level="INFO">Slept 3 seconds.</msg>
<arg>3s</arg>
<doc>Pauses the test executed for the given time.</doc>
<status status="PASS" start="2025-05-15T08:54:18.873908" elapsed="3.002399"/>
</kw>
<kw name="Wait Until Element Is Visible" owner="SeleniumLibrary">
<arg>${PLUS_BUTTON2}</arg>
<arg>${TIMEOUT}</arg>
<doc>Waits until the element ``locator`` is visible.</doc>
<status status="PASS" start="2025-05-15T08:54:21.878232" elapsed="0.046078"/>
</kw>
<kw name="Click Element" owner="SeleniumLibrary">
<msg time="2025-05-15T08:54:21.924962" level="INFO">Clicking element 'id=plus-product-850274'.</msg>
<arg>${PLUS_BUTTON2}</arg>
<doc>Click the element identified by ``locator``.</doc>
<status status="PASS" start="2025-05-15T08:54:21.924567" elapsed="0.160587"/>
</kw>
<kw name="Wait Until Element Is Visible" owner="SeleniumLibrary">
<arg>${CARD_BUTTON}</arg>
<arg>${TIMEOUT}</arg>
<doc>Waits until the element ``locator`` is visible.</doc>
<status status="PASS" start="2025-05-15T08:54:22.085471" elapsed="0.047721"/>
</kw>
<kw name="Click Element" owner="SeleniumLibrary">
<msg time="2025-05-15T08:54:22.133806" level="INFO">Clicking element 'id=vendor-menu-go-to-cart'.</msg>
<arg>${CARD_BUTTON}</arg>
<doc>Click the element identified by ``locator``.</doc>
<status status="PASS" start="2025-05-15T08:54:22.133445" elapsed="0.153454"/>
</kw>
<doc>Go to vedor menu and switch between tabs ,add food to cart ,add more food ,go to card</doc>
<status status="PASS" start="2025-05-15T08:54:07.023033" elapsed="15.264105"/>
</kw>
<kw name="Add Description And Change Order ,Continue">
<kw name="Sleep" owner="BuiltIn">
<msg time="2025-05-15T08:54:26.289613" level="INFO">Slept 4 seconds.</msg>
<arg>4s</arg>
<doc>Pauses the test executed for the given time.</doc>
<status status="PASS" start="2025-05-15T08:54:22.288437" elapsed="4.002505"/>
</kw>
<kw name="Wait Until Element Is Visible" owner="SeleniumLibrary">
<arg>${NEGATIVE_BUTTON}</arg>
<arg>${TIMEOUT}</arg>
<doc>Waits until the element ``locator`` is visible.</doc>
<status status="PASS" start="2025-05-15T08:54:26.292109" elapsed="0.062497"/>
</kw>
<kw name="Click Element" owner="SeleniumLibrary">
<msg time="2025-05-15T08:54:26.355394" level="INFO">Clicking element 'id=minus-product-850274'.</msg>
<arg>${NEGATIVE_BUTTON}</arg>
<doc>Click the element identified by ``locator``.</doc>
<status status="PASS" start="2025-05-15T08:54:26.354934" elapsed="0.163682"/>
</kw>
<kw name="Wait Until Element Is Visible" owner="SeleniumLibrary">
<arg>${DESCRIPTION}</arg>
<arg>${TIMEOUT}</arg>
<doc>Waits until the element ``locator`` is visible.</doc>
<status status="PASS" start="2025-05-15T08:54:26.518927" elapsed="0.029380"/>
</kw>
<kw name="Input Text" owner="SeleniumLibrary">
<msg time="2025-05-15T08:54:26.549018" level="INFO">Typing text 'میز سر تایم اماده باشد' into text field 'id=cart-description-textarea'.</msg>
<arg>${DESCRIPTION}</arg>
<arg>${DESCRIPTION_TEXT}</arg>
<doc>Types the given ``text`` into the text field identified by ``locator``.</doc>
<status status="PASS" start="2025-05-15T08:54:26.548571" elapsed="0.150253"/>
</kw>
<kw name="Wait Until Element Is Visible" owner="SeleniumLibrary">
<arg>${CONTINUE_ORDER_BUTTON}</arg>
<arg>${TIMEOUT}</arg>
<doc>Waits until the element ``locator`` is visible.</doc>
<status status="PASS" start="2025-05-15T08:54:26.699077" elapsed="0.024734"/>
</kw>
<kw name="Click Element" owner="SeleniumLibrary">
<msg time="2025-05-15T08:54:26.724430" level="INFO">Clicking element 'id=cart-go-to-checkout'.</msg>
<arg>${CONTINUE_ORDER_BUTTON}</arg>
<doc>Click the element identified by ``locator``.</doc>
<status status="PASS" start="2025-05-15T08:54:26.724059" elapsed="0.165542"/>
</kw>
<doc>Add description ,set food number to one and countinue order</doc>
<status status="PASS" start="2025-05-15T08:54:22.287756" elapsed="4.602292"/>
</kw>
<kw name="Login User">
<kw name="Wait Until Element Is Visible" owner="SeleniumLibrary">
<arg>${PHONE_NUMBER_BOX}</arg>
<arg>${TIMEOUT}</arg>
<doc>Waits until the element ``locator`` is visible.</doc>
<status status="PASS" start="2025-05-15T08:54:26.891186" elapsed="0.245087"/>
</kw>
<kw name="Input Text" owner="SeleniumLibrary">
<msg time="2025-05-15T08:54:27.137089" level="INFO">Typing text '09130424612' into text field 'id=شماره همراه'.</msg>
<arg>${PHONE_NUMBER_BOX}</arg>
<arg>${PHONE_NUMBER}</arg>
<doc>Types the given ``text`` into the text field identified by ``locator``.</doc>
<status status="PASS" start="2025-05-15T08:54:27.136573" elapsed="0.149923"/>
</kw>
<kw name="Wait Until Element Is Visible" owner="SeleniumLibrary">
<arg>${ENTER_PH_BUTTON}</arg>
<arg>${TIMEOUT}</arg>
<doc>Waits until the element ``locator`` is visible.</doc>
<status status="PASS" start="2025-05-15T08:54:27.286735" elapsed="0.026136"/>
</kw>
<kw name="Click Element" owner="SeleniumLibrary">
<msg time="2025-05-15T08:54:27.313491" level="INFO">Clicking element 'id=submit-otp'.</msg>
<arg>${ENTER_PH_BUTTON}</arg>
<doc>Click the element identified by ``locator``.</doc>
<status status="PASS" start="2025-05-15T08:54:27.313118" elapsed="0.176317"/>
</kw>
<kw name="Sleep" owner="BuiltIn">
<msg time="2025-05-15T08:54:42.490251" level="INFO">Slept 15 seconds.</msg>
<arg>15s</arg>
<doc>Pauses the test executed for the given time.</doc>
<status status="PASS" start="2025-05-15T08:54:27.489669" elapsed="15.002223"/>
</kw>
<doc>login user with manually entering verification code</doc>
<status status="PASS" start="2025-05-15T08:54:26.890589" elapsed="15.602368"/>
</kw>
<kw name="Reservation And Enter Persons">
<kw name="Wait Until Element Is Visible" owner="SeleniumLibrary">
<arg>${1PERSON}</arg>
<arg>${TIMEOUT}</arg>
<doc>Waits until the element ``locator`` is visible.</doc>
<status status="PASS" start="2025-05-15T08:54:42.495169" elapsed="0.029662"/>
</kw>
<kw name="Sleep" owner="BuiltIn">
<msg time="2025-05-15T08:54:45.526245" level="INFO">Slept 3 seconds.</msg>
<arg>3s</arg>
<doc>Pauses the test executed for the given time.</doc>
<status status="PASS" start="2025-05-15T08:54:42.525082" elapsed="3.002746"/>
</kw>
<kw name="Click Element" owner="SeleniumLibrary">
<msg time="2025-05-15T08:54:45.531064" level="INFO">Clicking element 'id=reserve-count-1'.</msg>
<arg>${1PERSON}</arg>
<doc>Click the element identified by ``locator``.</doc>
<status status="PASS" start="2025-05-15T08:54:45.528697" elapsed="0.184917"/>
</kw>
<kw name="Click Element" owner="SeleniumLibrary">
<msg time="2025-05-15T08:54:45.714398" level="INFO">Clicking element 'id=reserve-count-2'.</msg>
<arg>${2PERSON}</arg>
<doc>Click the element identified by ``locator``.</doc>
<status status="PASS" start="2025-05-15T08:54:45.713930" elapsed="0.164913"/>
</kw>
<kw name="Click Element" owner="SeleniumLibrary">
<msg time="2025-05-15T08:54:45.879514" level="INFO">Clicking element 'id=reserve-count-3'.</msg>
<arg>${3PERSON}</arg>
<doc>Click the element identified by ``locator``.</doc>
<status status="PASS" start="2025-05-15T08:54:45.879144" elapsed="0.166446"/>
</kw>
<kw name="Click Element" owner="SeleniumLibrary">
<msg time="2025-05-15T08:54:46.046262" level="INFO">Clicking element 'id=reserve-count-4'.</msg>
<arg>${4PERSON}</arg>
<doc>Click the element identified by ``locator``.</doc>
<status status="PASS" start="2025-05-15T08:54:46.045855" elapsed="0.166482"/>
</kw>
<for flavor="IN RANGE">
<iter>
<kw name="Sleep" owner="BuiltIn">
<msg time="2025-05-15T08:54:47.214461" level="INFO">Slept 1 second.</msg>
<arg>1s</arg>
<doc>Pauses the test executed for the given time.</doc>
<status status="PASS" start="2025-05-15T08:54:46.213108" elapsed="1.002276"/>
</kw>
<kw name="Click Element" owner="SeleniumLibrary">
<msg time="2025-05-15T08:54:47.217462" level="INFO">Clicking element 'id=bottom'.</msg>
<arg>${BOTTOM}</arg>
<doc>Click the element identified by ``locator``.</doc>
<status status="PASS" start="2025-05-15T08:54:47.216068" elapsed="0.179649"/>
</kw>
<var name="${i}">1</var>
<status status="PASS" start="2025-05-15T08:54:46.212902" elapsed="1.183106"/>
</iter>
<iter>
<kw name="Sleep" owner="BuiltIn">
<msg time="2025-05-15T08:54:48.397612" level="INFO">Slept 1 second.</msg>
<arg>1s</arg>
<doc>Pauses the test executed for the given time.</doc>
<status status="PASS" start="2025-05-15T08:54:47.396605" elapsed="1.001509"/>
</kw>
<kw name="Click Element" owner="SeleniumLibrary">
<msg time="2025-05-15T08:54:48.399279" level="INFO">Clicking element 'id=bottom'.</msg>
<arg>${BOTTOM}</arg>
<doc>Click the element identified by ``locator``.</doc>
<status status="PASS" start="2025-05-15T08:54:48.398541" elapsed="0.162355"/>
</kw>
<var name="${i}">2</var>
<status status="PASS" start="2025-05-15T08:54:47.396302" elapsed="1.164765"/>
</iter>
<iter>
<kw name="Sleep" owner="BuiltIn">
<msg time="2025-05-15T08:54:49.562615" level="INFO">Slept 1 second.</msg>
<arg>1s</arg>
<doc>Pauses the test executed for the given time.</doc>
<status status="PASS" start="2025-05-15T08:54:48.561513" elapsed="1.002216"/>
</kw>
<kw name="Click Element" owner="SeleniumLibrary">
<msg time="2025-05-15T08:54:49.566955" level="INFO">Clicking element 'id=bottom'.</msg>
<arg>${BOTTOM}</arg>
<doc>Click the element identified by ``locator``.</doc>
<status status="PASS" start="2025-05-15T08:54:49.564688" elapsed="0.179895"/>
</kw>
<var name="${i}">3</var>
<status status="PASS" start="2025-05-15T08:54:48.561269" elapsed="1.183488"/>
</iter>
<iter>
<kw name="Sleep" owner="BuiltIn">
<msg time="2025-05-15T08:54:50.745852" level="INFO">Slept 1 second.</msg>
<arg>1s</arg>
<doc>Pauses the test executed for the given time.</doc>
<status status="PASS" start="2025-05-15T08:54:49.745197" elapsed="1.001832"/>
</kw>
<kw name="Click Element" owner="SeleniumLibrary">
<msg time="2025-05-15T08:54:50.749743" level="INFO">Clicking element 'id=bottom'.</msg>
<arg>${BOTTOM}</arg>
<doc>Click the element identified by ``locator``.</doc>
<status status="PASS" start="2025-05-15T08:54:50.748003" elapsed="0.162803"/>
</kw>
<var name="${i}">4</var>
<status status="PASS" start="2025-05-15T08:54:49.744937" elapsed="1.166051"/>
</iter>
<var>${i}</var>
<value>1</value>
<value>5</value>
<status status="PASS" start="2025-05-15T08:54:46.212523" elapsed="4.698550"/>
</for>
<kw name="Click Button" owner="SeleniumLibrary">
<msg time="2025-05-15T08:54:50.911633" level="INFO">Clicking button 'id=submit-reserve'.</msg>
<arg>${ENTER_RESERVATION_BUTTON}</arg>
<doc>Clicks the button identified by ``locator``.</doc>
<status status="PASS" start="2025-05-15T08:54:50.911255" elapsed="0.183975"/>
</kw>
<doc>check persons number button and enter</doc>
<status status="PASS" start="2025-05-15T08:54:42.494411" elapsed="8.601070"/>
</kw>
<kw name="Chech Box Test">
<kw name="Wait Until Element Is Visible" owner="SeleniumLibrary">
<arg>${CHECK_BOX}</arg>
<arg>${TIMEOUT}</arg>
<doc>Waits until the element ``locator`` is visible.</doc>
<status status="PASS" start="2025-05-15T08:54:51.096566" elapsed="0.027114"/>
</kw>
<kw name="Sleep" owner="BuiltIn">
<msg time="2025-05-15T08:54:53.125010" level="INFO">Slept 2 seconds.</msg>
<arg>2s</arg>
<doc>Pauses the test executed for the given time.</doc>
<status status="PASS" start="2025-05-15T08:54:51.123913" elapsed="2.002871"/>
</kw>
<kw name="Click Element" owner="SeleniumLibrary">
<msg time="2025-05-15T08:54:53.131095" level="INFO">Clicking element 'id=zoodex-balance'.</msg>
<arg>${CHECK_BOX}</arg>
<doc>Click the element identified by ``locator``.</doc>
<status status="PASS" start="2025-05-15T08:54:53.128209" elapsed="0.185581"/>
</kw>
<kw name="Sleep" owner="BuiltIn">
<msg time="2025-05-15T08:54:55.315000" level="INFO">Slept 2 seconds.</msg>
<arg>2s</arg>
<doc>Pauses the test executed for the given time.</doc>
<status status="PASS" start="2025-05-15T08:54:53.314050" elapsed="2.002069"/>
</kw>
<kw name="Click Element" owner="SeleniumLibrary">
<msg time="2025-05-15T08:54:55.320269" level="INFO">Clicking element 'id=zoodex-balance'.</msg>
<arg>${CHECK_BOX}</arg>
<doc>Click the element identified by ``locator``.</doc>
<status status="PASS" start="2025-05-15T08:54:55.317468" elapsed="0.178529"/>
</kw>
<doc>zoodex payment check box ,check</doc>
<status status="PASS" start="2025-05-15T08:54:51.096138" elapsed="4.400127"/>
</kw>
<kw name="Back To Menu Into The Cart">
<kw name="Wait Until Element Is Visible" owner="SeleniumLibrary">
<arg>${COMPLETE_CARD_BACK_BUTTON}</arg>
<arg>${TIMEOUT}</arg>
<doc>Waits until the element ``locator`` is visible.</doc>
<status status="PASS" start="2025-05-15T08:54:55.497626" elapsed="0.034847"/>
</kw>
<kw name="Click Element" owner="SeleniumLibrary">
<msg time="2025-05-15T08:54:55.533153" level="INFO">Clicking element 'id=go-back'.</msg>
<arg>${COMPLETE_CARD_BACK_BUTTON}</arg>
<doc>Click the element identified by ``locator``.</doc>
<status status="PASS" start="2025-05-15T08:54:55.532752" elapsed="0.167875"/>
</kw>
<kw name="Wait Until Element Is Visible" owner="SeleniumLibrary">
<arg>${TRASH_BUTTON}</arg>
<arg>${TIMEOUT}</arg>
<doc>Waits until the element ``locator`` is visible.</doc>
<status status="PASS" start="2025-05-15T08:54:55.700948" elapsed="0.076329"/>
</kw>
<kw name="Click Element" owner="SeleniumLibrary">
<msg time="2025-05-15T08:54:55.777909" level="INFO">Clicking element 'id=cart-trash'.</msg>
<arg>${TRASH_BUTTON}</arg>
<doc>Click the element identified by ``locator``.</doc>
<status status="PASS" start="2025-05-15T08:54:55.777540" elapsed="0.183004"/>
</kw>
<kw name="Wait Until Element Is Visible" owner="SeleniumLibrary">
<arg>${DEELTE_CARD_BUTTON}</arg>
<arg>${TIMEOUT}</arg>
<doc>Waits until the element ``locator`` is visible.</doc>
<status status="PASS" start="2025-05-15T08:54:55.960774" elapsed="0.032022"/>
</kw>
<kw name="Click Element" owner="SeleniumLibrary">
<msg time="2025-05-15T08:54:55.993396" level="INFO">Clicking element 'id=cart-remove-all'.</msg>
<arg>${DEELTE_CARD_BUTTON}</arg>
<doc>Click the element identified by ``locator``.</doc>
<status status="PASS" start="2025-05-15T08:54:55.993033" elapsed="0.190986"/>
</kw>
<kw name="Wait Until Element Is Visible" owner="SeleniumLibrary">
<arg>${MENU_TAB2}</arg>
<arg>${TIMEOUT}</arg>
<doc>Waits until the element ``locator`` is visible.</doc>
<status status="PASS" start="2025-05-15T08:54:56.184474" elapsed="0.900048"/>
</kw>
<kw name="Execute Javascript" owner="SeleniumLibrary">
<msg time="2025-05-15T08:54:57.085391" level="INFO">Executing JavaScript:
window.scrollBy(0, -500)
Without any arguments.</msg>
<arg>window.scrollBy(0, -500)</arg>
<doc>Executes the given JavaScript code with possible arguments.</doc>
<status status="PASS" start="2025-05-15T08:54:57.084797" elapsed="0.012389"/>
</kw>
<kw name="Sleep" owner="BuiltIn">
<msg time="2025-05-15T08:54:58.098576" level="INFO">Slept 1 second.</msg>
<arg>1s</arg>
<doc>Pauses the test executed for the given time.</doc>
<status status="PASS" start="2025-05-15T08:54:57.097441" elapsed="1.002308"/>
</kw>
<kw name="Wait Until Element Is Visible" owner="SeleniumLibrary">
<arg>${MENU_BACK_BUTTON}</arg>
<arg>${TIMEOUT}</arg>
<doc>Waits until the element ``locator`` is visible.</doc>
<status status="PASS" start="2025-05-15T08:54:58.100741" elapsed="0.063007"/>
</kw>
<kw name="Click Element" owner="SeleniumLibrary">
<msg time="2025-05-15T08:54:58.164456" level="INFO">Clicking element 'id=menu-back-to'.</msg>
<arg>${MENU_BACK_BUTTON}</arg>
<doc>Click the element identified by ``locator``.</doc>
<status status="PASS" start="2025-05-15T08:54:58.164031" elapsed="0.163669"/>
</kw>
<kw name="Wait Until Element Is Visible" owner="SeleniumLibrary">
<arg>${VENDOR_BACK_BUTTON}</arg>
<arg>${TIMEOUT}</arg>
<doc>Waits until the element ``locator`` is visible.</doc>
<status status="PASS" start="2025-05-15T08:54:58.328047" elapsed="0.271749"/>
</kw>
<kw name="Click Element" owner="SeleniumLibrary">
<msg time="2025-05-15T08:54:58.600422" level="INFO">Clicking element 'id=vendor-index-go-back'.</msg>
<arg>${VENDOR_BACK_BUTTON}</arg>
<doc>Click the element identified by ``locator``.</doc>
<status status="PASS" start="2025-05-15T08:54:58.600044" elapsed="0.161012"/>
</kw>
<doc>return to menu from cart ,and click buttons</doc>
<status status="PASS" start="2025-05-15T08:54:55.496965" elapsed="3.264309"/>
</kw>
<kw name="Go To Profile And Personal Information ,Test Fields">
<kw name="Wait Until Element Is Visible" owner="SeleniumLibrary">
<arg>${PROFILE}</arg>
<arg>${TIMEOUT}</arg>
<doc>Waits until the element ``locator`` is visible.</doc>
<status status="PASS" start="2025-05-15T08:54:58.762459" elapsed="0.304586"/>
</kw>
<kw name="Click Element" owner="SeleniumLibrary">
<msg time="2025-05-15T08:54:59.067793" level="INFO">Clicking element 'id=nav-user'.</msg>
<arg>${PROFILE}</arg>
<doc>Click the element identified by ``locator``.</doc>
<status status="PASS" start="2025-05-15T08:54:59.067373" elapsed="0.162634"/>
</kw>
<kw name="Sleep" owner="BuiltIn">
<msg time="2025-05-15T08:55:01.231184" level="INFO">Slept 2 seconds.</msg>
<arg>2s</arg>
<doc>Pauses the test executed for the given time.</doc>
<status status="PASS" start="2025-05-15T08:54:59.230266" elapsed="2.001595"/>
</kw>
<kw name="Wait Until Element Is Visible" owner="SeleniumLibrary">
<arg>${PERSONAL_INFORMATION}</arg>
<arg>${TIMEOUT}</arg>
<doc>Waits until the element ``locator`` is visible.</doc>
<status status="PASS" start="2025-05-15T08:55:01.232432" elapsed="0.029297"/>
</kw>
<kw name="Click Element" owner="SeleniumLibrary">
<msg time="2025-05-15T08:55:01.262377" level="INFO">Clicking element 'id=prime-user'.</msg>
<arg>${PERSONAL_INFORMATION}</arg>
<doc>Click the element identified by ``locator``.</doc>
<status status="PASS" start="2025-05-15T08:55:01.261992" elapsed="0.166040"/>
</kw>
<kw name="Wait Until Element Is Visible" owner="SeleniumLibrary">
<arg>${EDIT_INFO_BUTTON}</arg>
<arg>${TIMEOUT}</arg>
<doc>Waits until the element ``locator`` is visible.</doc>
<status status="PASS" start="2025-05-15T08:55:01.428282" elapsed="0.452507"/>
</kw>
<kw name="Click Element" owner="SeleniumLibrary">
<msg time="2025-05-15T08:55:01.881435" level="INFO">Clicking element 'id=profile-edit-personal-info'.</msg>
<arg>${EDIT_INFO_BUTTON}</arg>
<doc>Click the element identified by ``locator``.</doc>
<status status="PASS" start="2025-05-15T08:55:01.881042" elapsed="0.168396"/>
</kw>
<kw name="Wait Until Element Is Visible" owner="SeleniumLibrary">
<arg>${TF_NAME}</arg>
<arg>${TIMEOUT}</arg>
<doc>Waits until the element ``locator`` is visible.</doc>
<status status="PASS" start="2025-05-15T08:55:02.049899" elapsed="0.285492"/>
</kw>
<kw name="Clear Element Text" owner="SeleniumLibrary">
<arg>${TF_NAME}</arg>
<doc>Clears the value of the text-input-element identified by ``locator``.</doc>
<status status="PASS" start="2025-05-15T08:55:02.335792" elapsed="0.060018"/>
</kw>
<kw name="Input Text" owner="SeleniumLibrary">
<msg time="2025-05-15T08:55:02.397396" level="INFO">Typing text 'متین رمضانی کریم' into text field 'id=نام و نام خانوادگی'.</msg>
<arg>${TF_NAME}</arg>
<arg>${NAME}</arg>
<doc>Types the given ``text`` into the text field identified by ``locator``.</doc>
<status status="PASS" start="2025-05-15T08:55:02.396412" elapsed="0.198174"/>
</kw>
<kw name="Clear Element Text" owner="SeleniumLibrary">
<arg>${TF_ID_CARD_NUMBER}</arg>
<doc>Clears the value of the text-input-element identified by ``locator``.</doc>
<status status="PASS" start="2025-05-15T08:55:02.594854" elapsed="0.043931"/>
</kw>
<kw name="Input Text" owner="SeleniumLibrary">
<msg time="2025-05-15T08:55:02.639533" level="INFO">Typing text '2981441922' into text field 'id=کد ملی'.</msg>
<arg>${TF_ID_CARD_NUMBER}</arg>
<arg>${ID_CARD_NUMBER}</arg>
<doc>Types the given ``text`` into the text field identified by ``locator``.</doc>
<status status="PASS" start="2025-05-15T08:55:02.639087" elapsed="0.154278"/>
</kw>
<kw name="Clear Element Text" owner="SeleniumLibrary">
<arg>${TF_EMAIL}</arg>
<doc>Clears the value of the text-input-element identified by ``locator``.</doc>
<status status="PASS" start="2025-05-15T08:55:02.794070" elapsed="0.043112"/>
</kw>
<kw name="Click Element" owner="SeleniumLibrary">
<msg time="2025-05-15T08:55:02.837818" level="INFO">Clicking element 'id=تاریخ تولد'.</msg>
<arg>${TF_BIRTHDAY}</arg>
<doc>Click the element identified by ``locator``.</doc>
<status status="PASS" start="2025-05-15T08:55:02.837435" elapsed="0.218440"/>
</kw>
<for flavor="IN RANGE">
<iter>
<kw name="Click Element" owner="SeleniumLibrary">
<msg time="2025-05-15T08:55:03.057527" level="INFO">Clicking element 'id=day-1'.</msg>
<arg>id=day-${i}</arg>
<doc>Click the element identified by ``locator``.</doc>
<status status="PASS" start="2025-05-15T08:55:03.056849" elapsed="0.182116"/>
</kw>
<var name="${i}">1</var>
<status status="PASS" start="2025-05-15T08:55:03.056537" elapsed="0.182684"/>
</iter>
<iter>
<kw name="Click Element" owner="SeleniumLibrary">
<msg time="2025-05-15T08:55:03.240252" level="INFO">Clicking element 'id=day-2'.</msg>
<arg>id=day-${i}</arg>
<doc>Click the element identified by ``locator``.</doc>
<status status="PASS" start="2025-05-15T08:55:03.239784" elapsed="0.160953"/>
</kw>
<var name="${i}">2</var>
<status status="PASS" start="2025-05-15T08:55:03.239529" elapsed="0.161375"/>
</iter>
<iter>
<kw name="Click Element" owner="SeleniumLibrary">
<msg time="2025-05-15T08:55:03.402354" level="INFO">Clicking element 'id=day-3'.</msg>
<arg>id=day-${i}</arg>
<doc>Click the element identified by ``locator``.</doc>
<status status="PASS" start="2025-05-15T08:55:03.401769" elapsed="0.171169"/>
</kw>
<var name="${i}">3</var>
<status status="PASS" start="2025-05-15T08:55:03.401296" elapsed="0.171843"/>
</iter>
<iter>
<kw name="Click Element" owner="SeleniumLibrary">
<msg time="2025-05-15T08:55:03.574265" level="INFO">Clicking element 'id=day-4'.</msg>
<arg>id=day-${i}</arg>
<doc>Click the element identified by ``locator``.</doc>
<status status="PASS" start="2025-05-15T08:55:03.573710" elapsed="0.164852"/>
</kw>
<var name="${i}">4</var>
<status status="PASS" start="2025-05-15T08:55:03.573317" elapsed="0.165435"/>
</iter>
<iter>
<kw name="Click Element" owner="SeleniumLibrary">
<msg time="2025-05-15T08:55:03.739659" level="INFO">Clicking element 'id=day-5'.</msg>
<arg>id=day-${i}</arg>
<doc>Click the element identified by ``locator``.</doc>
<status status="PASS" start="2025-05-15T08:55:03.739262" elapsed="0.162792"/>
</kw>
<var name="${i}">5</var>
<status status="PASS" start="2025-05-15T08:55:03.738918" elapsed="0.163380"/>
</iter>
<iter>
<kw name="Click Element" owner="SeleniumLibrary">
<msg time="2025-05-15T08:55:03.903374" level="INFO">Clicking element 'id=day-6'.</msg>
<arg>id=day-${i}</arg>
<doc>Click the element identified by ``locator``.</doc>
<status status="PASS" start="2025-05-15T08:55:03.902970" elapsed="0.171012"/>
</kw>
<var name="${i}">6</var>
<status status="PASS" start="2025-05-15T08:55:03.902585" elapsed="0.171562"/>
</iter>
<iter>
<kw name="Click Element" owner="SeleniumLibrary">
<msg time="2025-05-15T08:55:04.075007" level="INFO">Clicking element 'id=day-7'.</msg>
<arg>id=day-${i}</arg>
<doc>Click the element identified by ``locator``.</doc>
<status status="PASS" start="2025-05-15T08:55:04.074622" elapsed="0.164889"/>
</kw>
<var name="${i}">7</var>
<status status="PASS" start="2025-05-15T08:55:04.074342" elapsed="0.165363"/>
</iter>
<iter>
<kw name="Click Element" owner="SeleniumLibrary">
<msg time="2025-05-15T08:55:04.240608" level="INFO">Clicking element 'id=day-8'.</msg>
<arg>id=day-${i}</arg>
<doc>Click the element identified by ``locator``.</doc>
<status status="PASS" start="2025-05-15T08:55:04.240200" elapsed="0.162338"/>
</kw>
<var name="${i}">8</var>
<status status="PASS" start="2025-05-15T08:55:04.239900" elapsed="0.162920"/>
</iter>
<iter>
<kw name="Click Element" owner="SeleniumLibrary">
<msg time="2025-05-15T08:55:04.403735" level="INFO">Clicking element 'id=day-9'.</msg>
<arg>id=day-${i}</arg>
<doc>Click the element identified by ``locator``.</doc>
<status status="PASS" start="2025-05-15T08:55:04.403353" elapsed="0.171249"/>
</kw>
<var name="${i}">9</var>
<status status="PASS" start="2025-05-15T08:55:04.403089" elapsed="0.171736"/>
</iter>
<iter>
<kw name="Click Element" owner="SeleniumLibrary">
<msg time="2025-05-15T08:55:04.575709" level="INFO">Clicking element 'id=day-10'.</msg>
<arg>id=day-${i}</arg>
<doc>Click the element identified by ``locator``.</doc>
<status status="PASS" start="2025-05-15T08:55:04.575301" elapsed="0.163769"/>
</kw>
<var name="${i}">10</var>
<status status="PASS" start="2025-05-15T08:55:04.575000" elapsed="0.164251"/>
</iter>
<iter>
<kw name="Click Element" owner="SeleniumLibrary">
<msg time="2025-05-15T08:55:04.740152" level="INFO">Clicking element 'id=day-11'.</msg>
<arg>id=day-${i}</arg>
<doc>Click the element identified by ``locator``.</doc>
<status status="PASS" start="2025-05-15T08:55:04.739704" elapsed="0.160180"/>
</kw>
<var name="${i}">11</var>
<status status="PASS" start="2025-05-15T08:55:04.739413" elapsed="0.160631"/>
</iter>
<iter>
<kw name="Click Element" owner="SeleniumLibrary">
<msg time="2025-05-15T08:55:04.900887" level="INFO">Clicking element 'id=day-12'.</msg>
<arg>id=day-${i}</arg>
<doc>Click the element identified by ``locator``.</doc>
<status status="PASS" start="2025-05-15T08:55:04.900424" elapsed="0.167395"/>
</kw>
<var name="${i}">12</var>
<status status="PASS" start="2025-05-15T08:55:04.900197" elapsed="0.167922"/>
</iter>
<iter>
<kw name="Click Element" owner="SeleniumLibrary">
<msg time="2025-05-15T08:55:05.069433" level="INFO">Clicking element 'id=day-13'.</msg>
<arg>id=day-${i}</arg>
<doc>Click the element identified by ``locator``.</doc>
<status status="PASS" start="2025-05-15T08:55:05.068742" elapsed="0.164263"/>
</kw>
<var name="${i}">13</var>
<status status="PASS" start="2025-05-15T08:55:05.068401" elapsed="0.164755"/>
</iter>
<iter>
<kw name="Click Element" owner="SeleniumLibrary">
<msg time="2025-05-15T08:55:05.234016" level="INFO">Clicking element 'id=day-14'.</msg>
<arg>id=day-${i}</arg>
<doc>Click the element identified by ``locator``.</doc>
<status status="PASS" start="2025-05-15T08:55:05.233607" elapsed="0.171902"/>
</kw>
<var name="${i}">14</var>
<status status="PASS" start="2025-05-15T08:55:05.233372" elapsed="0.172321"/>
</iter>
<iter>
<kw name="Click Element" owner="SeleniumLibrary">
<msg time="2025-05-15T08:55:05.406618" level="INFO">Clicking element 'id=day-15'.</msg>
<arg>id=day-${i}</arg>
<doc>Click the element identified by ``locator``.</doc>
<status status="PASS" start="2025-05-15T08:55:05.406214" elapsed="0.165579"/>
</kw>
<var name="${i}">15</var>
<status status="PASS" start="2025-05-15T08:55:05.405853" elapsed="0.166114"/>
</iter>
<iter>
<kw name="Click Element" owner="SeleniumLibrary">
<msg time="2025-05-15T08:55:05.572779" level="INFO">Clicking element 'id=day-16'.</msg>
<arg>id=day-${i}</arg>
<doc>Click the element identified by ``locator``.</doc>
<status status="PASS" start="2025-05-15T08:55:05.572405" elapsed="0.167480"/>
</kw>
<var name="${i}">16</var>
<status status="PASS" start="2025-05-15T08:55:05.572139" elapsed="0.167910"/>
</iter>
<iter>
<kw name="Click Element" owner="SeleniumLibrary">
<msg time="2025-05-15T08:55:05.740856" level="INFO">Clicking element 'id=day-17'.</msg>
<arg>id=day-${i}</arg>
<doc>Click the element identified by ``locator``.</doc>
<status status="PASS" start="2025-05-15T08:55:05.740501" elapsed="0.161827"/>
</kw>
<var name="${i}">17</var>
<status status="PASS" start="2025-05-15T08:55:05.740222" elapsed="0.162393"/>
</iter>
<iter>
<kw name="Click Element" owner="SeleniumLibrary">
<msg time="2025-05-15T08:55:05.903440" level="INFO">Clicking element 'id=day-18'.</msg>
<arg>id=day-${i}</arg>
<doc>Click the element identified by ``locator``.</doc>
<status status="PASS" start="2025-05-15T08:55:05.903071" elapsed="0.172105"/>
</kw>
<var name="${i}">18</var>
<status status="PASS" start="2025-05-15T08:55:05.902798" elapsed="0.172676"/>
</iter>
<iter>
<kw name="Click Element" owner="SeleniumLibrary">
<msg time="2025-05-15T08:55:06.076209" level="INFO">Clicking element 'id=day-19'.</msg>
<arg>id=day-${i}</arg>
<doc>Click the element identified by ``locator``.</doc>
<status status="PASS" start="2025-05-15T08:55:06.075869" elapsed="0.162218"/>
</kw>
<var name="${i}">19</var>
<status status="PASS" start="2025-05-15T08:55:06.075636" elapsed="0.162649"/>
</iter>
<iter>
<kw name="Click Element" owner="SeleniumLibrary">
<msg time="2025-05-15T08:55:06.239210" level="INFO">Clicking element 'id=day-20'.</msg>
<arg>id=day-${i}</arg>
<doc>Click the element identified by ``locator``.</doc>
<status status="PASS" start="2025-05-15T08:55:06.238782" elapsed="0.168505"/>
</kw>
<var name="${i}">20</var>
<status status="PASS" start="2025-05-15T08:55:06.238453" elapsed="0.169043"/>
</iter>
<iter>
<kw name="Click Element" owner="SeleniumLibrary">
<msg time="2025-05-15T08:55:06.408492" level="INFO">Clicking element 'id=day-21'.</msg>
<arg>id=day-${i}</arg>
<doc>Click the element identified by ``locator``.</doc>
<status status="PASS" start="2025-05-15T08:55:06.408046" elapsed="0.180525"/>
</kw>
<var name="${i}">21</var>
<status status="PASS" start="2025-05-15T08:55:06.407722" elapsed="0.181039"/>
</iter>
<iter>
<kw name="Click Element" owner="SeleniumLibrary">
<msg time="2025-05-15T08:55:06.589590" level="INFO">Clicking element 'id=day-22'.</msg>
<arg>id=day-${i}</arg>
<doc>Click the element identified by ``locator``.</doc>
<status status="PASS" start="2025-05-15T08:55:06.589209" elapsed="0.160978"/>
</kw>
<var name="${i}">22</var>
<status status="PASS" start="2025-05-15T08:55:06.588928" elapsed="0.161519"/>
</iter>
<iter>
<kw name="Click Element" owner="SeleniumLibrary">
<msg time="2025-05-15T08:55:06.751777" level="INFO">Clicking element 'id=day-23'.</msg>
<arg>id=day-${i}</arg>
<doc>Click the element identified by ``locator``.</doc>
<status status="PASS" start="2025-05-15T08:55:06.751172" elapsed="0.170711"/>
</kw>
<var name="${i}">23</var>
<status status="PASS" start="2025-05-15T08:55:06.750758" elapsed="0.171306"/>
</iter>
<iter>
<kw name="Click Element" owner="SeleniumLibrary">
<msg time="2025-05-15T08:55:06.922894" level="INFO">Clicking element 'id=day-24'.</msg>
<arg>id=day-${i}</arg>
<doc>Click the element identified by ``locator``.</doc>
<status status="PASS" start="2025-05-15T08:55:06.922517" elapsed="0.165605"/>
</kw>
<var name="${i}">24</var>
<status status="PASS" start="2025-05-15T08:55:06.922269" elapsed="0.166061"/>
</iter>
<iter>
<kw name="Click Element" owner="SeleniumLibrary">
<msg time="2025-05-15T08:55:07.089136" level="INFO">Clicking element 'id=day-25'.</msg>
<arg>id=day-${i}</arg>
<doc>Click the element identified by ``locator``.</doc>
<status status="PASS" start="2025-05-15T08:55:07.088753" elapsed="0.166496"/>
</kw>
<var name="${i}">25</var>
<status status="PASS" start="2025-05-15T08:55:07.088488" elapsed="0.166936"/>
</iter>
<iter>
<kw name="Click Element" owner="SeleniumLibrary">
<msg time="2025-05-15T08:55:07.256325" level="INFO">Clicking element 'id=day-26'.</msg>
<arg>id=day-${i}</arg>
<doc>Click the element identified by ``locator``.</doc>
<status status="PASS" start="2025-05-15T08:55:07.255920" elapsed="0.163180"/>
</kw>
<var name="${i}">26</var>
<status status="PASS" start="2025-05-15T08:55:07.255588" elapsed="0.163835"/>
</iter>
<iter>
<kw name="Click Element" owner="SeleniumLibrary">
<msg time="2025-05-15T08:55:07.420371" level="INFO">Clicking element 'id=day-27'.</msg>
<arg>id=day-${i}</arg>
<doc>Click the element identified by ``locator``.</doc>
<status status="PASS" start="2025-05-15T08:55:07.419916" elapsed="0.169033"/>
</kw>
<var name="${i}">27</var>
<status status="PASS" start="2025-05-15T08:55:07.419651" elapsed="0.169460"/>
</iter>
<iter>
<kw name="Click Element" owner="SeleniumLibrary">
<msg time="2025-05-15T08:55:07.589927" level="INFO">Clicking element 'id=day-28'.</msg>
<arg>id=day-${i}</arg>
<doc>Click the element identified by ``locator``.</doc>
<status status="PASS" start="2025-05-15T08:55:07.589535" elapsed="0.165111"/>
</kw>
<var name="${i}">28</var>
<status status="PASS" start="2025-05-15T08:55:07.589286" elapsed="0.165574"/>
</iter>
<iter>
<kw name="Click Element" owner="SeleniumLibrary">
<msg time="2025-05-15T08:55:07.755765" level="INFO">Clicking element 'id=day-29'.</msg>
<arg>id=day-${i}</arg>
<doc>Click the element identified by ``locator``.</doc>
<status status="PASS" start="2025-05-15T08:55:07.755346" elapsed="0.162337"/>
</kw>
<var name="${i}">29</var>
<status status="PASS" start="2025-05-15T08:55:07.755022" elapsed="0.162943"/>
</iter>
<var>${i}</var>
<value>1</value>
<value>30</value>
<status status="PASS" start="2025-05-15T08:55:03.056102" elapsed="4.862006"/>
</for>
<kw name="Click Element" owner="SeleniumLibrary">
<msg time="2025-05-15T08:55:07.919233" level="INFO">Clicking element 'id=close-popup'.</msg>
<arg>${CLOSE_BD_POPUP_BUTTON}</arg>
<doc>Click the element identified by ``locator``.</doc>
<status status="PASS" start="2025-05-15T08:55:07.918413" elapsed="0.173928"/>
</kw>
<kw name="Wait Until Element Is Visible" owner="SeleniumLibrary">
<arg>${SUBMIT_BUTTON}</arg>
<arg>${TIMEOUT}</arg>
<doc>Waits until the element ``locator`` is visible.</doc>
<status status="PASS" start="2025-05-15T08:55:08.092652" elapsed="0.030955"/>
</kw>
<kw name="Click Element" owner="SeleniumLibrary">
<msg time="2025-05-15T08:55:08.124309" level="INFO">Clicking element 'id=submit-edit-personal-info'.</msg>
<arg>${SUBMIT_BUTTON}</arg>
<doc>Click the element identified by ``locator``.</doc>
<status status="PASS" start="2025-05-15T08:55:08.123892" elapsed="0.405920"/>
</kw>
<doc>go to profile and change personal information</doc>
<status status="PASS" start="2025-05-15T08:54:58.761935" elapsed="9.768072"/>
</kw>
<kw name="Edit Bank Information">
<kw name="Sleep" owner="BuiltIn">
<msg time="2025-05-15T08:55:10.531960" level="INFO">Slept 2 seconds.</msg>
<arg>2s</arg>
<doc>Pauses the test executed for the given time.</doc>
<status status="PASS" start="2025-05-15T08:55:08.530994" elapsed="2.002207"/>
</kw>
<kw name="Wait Until Element Is Visible" owner="SeleniumLibrary">
<arg>${EDIT_BANK_INFO_BUTTON}</arg>
<arg>${TIMEOUT}</arg>
<doc>Waits until the element ``locator`` is visible.</doc>
<status status="PASS" start="2025-05-15T08:55:10.535135" elapsed="0.047437"/>
</kw>
<kw name="Click Element" owner="SeleniumLibrary">
<msg time="2025-05-15T08:55:10.583342" level="INFO">Clicking element 'id=profile-edit-bank-info'.</msg>
<arg>${EDIT_BANK_INFO_BUTTON}</arg>
<doc>Click the element identified by ``locator``.</doc>
<status status="PASS" start="2025-05-15T08:55:10.582809" elapsed="0.158349"/>
</kw>
<kw name="Wait Until Element Is Visible" owner="SeleniumLibrary">
<arg>${TF_BANK_CARD_NUM}</arg>
<arg>${TIMEOUT}</arg>
<doc>Waits until the element ``locator`` is visible.</doc>
<status status="PASS" start="2025-05-15T08:55:10.741413" elapsed="0.267198"/>
</kw>
<kw name="Clear Element Text" owner="SeleniumLibrary">
<arg>${TF_BANK_CARD_NUM}</arg>
<doc>Clears the value of the text-input-element identified by ``locator``.</doc>
<status status="PASS" start="2025-05-15T08:55:11.008870" elapsed="0.053318"/>
</kw>
<kw name="Input Text" owner="SeleniumLibrary">
<msg time="2025-05-15T08:55:11.062868" level="INFO">Typing text '5041721237791521' into text field 'id=شماره کارت'.</msg>
<arg>${TF_BANK_CARD_NUM}</arg>
<arg>${CARD_NUM}</arg>
<doc>Types the given ``text`` into the text field identified by ``locator``.</doc>
<status status="PASS" start="2025-05-15T08:55:11.062439" elapsed="0.153547"/>
</kw>
<kw name="Clear Element Text" owner="SeleniumLibrary">
<arg>${TF_SHABA_NUM}</arg>
<doc>Clears the value of the text-input-element identified by ``locator``.</doc>
<status status="PASS" start="2025-05-15T08:55:11.216435" elapsed="0.053937"/>
</kw>
<kw name="Input Text" owner="SeleniumLibrary">
<msg time="2025-05-15T08:55:11.271605" level="INFO">Typing text '550700010001113123044001' into text field 'id=شماره شبا'.</msg>
<arg>${TF_SHABA_NUM}</arg>
<arg>${SHABA_NUM}</arg>
<doc>Types the given ``text`` into the text field identified by ``locator``.</doc>
<status status="PASS" start="2025-05-15T08:55:11.270871" elapsed="0.159834"/>
</kw>
<kw name="Click Element" owner="SeleniumLibrary">
<msg time="2025-05-15T08:55:11.431322" level="INFO">Clicking element 'id=submit-edit-bank-info'.</msg>
<arg>${SUBMIT_BANK_INFORMATION_BUTTON}</arg>
<doc>Click the element identified by ``locator``.</doc>
<status status="PASS" start="2025-05-15T08:55:11.430957" elapsed="0.607751"/>
</kw>
<doc>checking text fields and press submit button</doc>
<status status="PASS" start="2025-05-15T08:55:08.530527" elapsed="3.508424"/>
</kw>
<kw name="Return To Profile Section">
<kw name="Wait Until Element Is Visible" owner="SeleniumLibrary">
<arg>${MENU_BACK_BUTTON}</arg>
<arg>${TIMEOUT}</arg>
<doc>Waits until the element ``locator`` is visible.</doc>
<status status="PASS" start="2025-05-15T08:55:12.040192" elapsed="0.463979"/>
</kw>
<kw name="Click Element" owner="SeleniumLibrary">
<msg time="2025-05-15T08:55:12.504924" level="INFO">Clicking element 'id=menu-back-to'.</msg>
<arg>${MENU_BACK_BUTTON}</arg>
<doc>Click the element identified by ``locator``.</doc>
<status status="PASS" start="2025-05-15T08:55:12.504473" elapsed="0.170277"/>
</kw>
<doc>return to profile section from privacy information</doc>
<status status="PASS" start="2025-05-15T08:55:12.039547" elapsed="0.635403"/>
</kw>
<kw name="Switch Between Profile Tabs">
<kw name="Wait Until Element Is Visible" owner="SeleniumLibrary">
<arg>${FAVORITS}</arg>
<arg>${TIMEOUT}</arg>
<doc>Waits until the element ``locator`` is visible.</doc>
<status status="PASS" start="2025-05-15T08:55:12.676022" elapsed="0.272256"/>
</kw>
<kw name="Click Element" owner="SeleniumLibrary">
<msg time="2025-05-15T08:55:12.948962" level="INFO">Clicking element 'id=prime-heart'.</msg>
<arg>${FAVORITS}</arg>
<doc>Click the element identified by ``locator``.</doc>
<status status="PASS" start="2025-05-15T08:55:12.948588" elapsed="0.244381"/>
</kw>
<kw name="Wait Until Element Is Visible" owner="SeleniumLibrary">
<arg>${GO_BACK}</arg>
<arg>${TIMEOUT}</arg>
<doc>Waits until the element ``locator`` is visible.</doc>
<status status="PASS" start="2025-05-15T08:55:13.193228" elapsed="0.269366"/>
</kw>
<kw name="Click Element" owner="SeleniumLibrary">
<msg time="2025-05-15T08:55:13.463592" level="INFO">Clicking element 'id=go-back'.</msg>
<arg>${GO_BACK}</arg>
<doc>Click the element identified by ``locator``.</doc>
<status status="PASS" start="2025-05-15T08:55:13.463006" elapsed="0.160327"/>
</kw>
<kw name="Wait Until Element Is Visible" owner="SeleniumLibrary">
<arg>${FEEDBACKS}</arg>
<arg>${TIMEOUT}</arg>
<doc>Waits until the element ``locator`` is visible.</doc>
<status status="PASS" start="2025-05-15T08:55:13.623587" elapsed="0.259722"/>
</kw>
<kw name="Click Element" owner="SeleniumLibrary">
<msg time="2025-05-15T08:55:13.885333" level="INFO">Clicking element 'id=prime-comments'.</msg>
<arg>${FEEDBACKS}</arg>
<doc>Click the element identified by ``locator``.</doc>
<status status="PASS" start="2025-05-15T08:55:13.883999" elapsed="0.175642"/>
</kw>
<kw name="Wait Until Element Is Visible" owner="SeleniumLibrary">
<arg>${GO_BACK}</arg>
<arg>${TIMEOUT}</arg>
<doc>Waits until the element ``locator`` is visible.</doc>
<status status="PASS" start="2025-05-15T08:55:14.059890" elapsed="0.280544"/>
</kw>
<kw name="Click Element" owner="SeleniumLibrary">
<msg time="2025-05-15T08:55:14.341127" level="INFO">Clicking element 'id=go-back'.</msg>
<arg>${GO_BACK}</arg>
<doc>Click the element identified by ``locator``.</doc>
<status status="PASS" start="2025-05-15T08:55:14.340711" elapsed="0.165233"/>
</kw>
<kw name="Wait Until Element Is Visible" owner="SeleniumLibrary">
<arg>${PAYMENTS}</arg>
<arg>${TIMEOUT}</arg>
<doc>Waits until the element ``locator`` is visible.</doc>
<status status="PASS" start="2025-05-15T08:55:14.506207" elapsed="0.263651"/>
</kw>
<kw name="Click Element" owner="SeleniumLibrary">
<msg time="2025-05-15T08:55:14.770524" level="INFO">Clicking element 'id=prime-group'.</msg>
<arg>${PAYMENTS}</arg>
<doc>Click the element identified by ``locator``.</doc>
<status status="PASS" start="2025-05-15T08:55:14.770133" elapsed="0.174569"/>
</kw>
<kw name="Wait Until Element Is Visible" owner="SeleniumLibrary">
<arg>${GO_BACK}</arg>
<arg>${TIMEOUT}</arg>
<doc>Waits until the element ``locator`` is visible.</doc>
<status status="PASS" start="2025-05-15T08:55:14.944946" elapsed="0.252269"/>
</kw>
<kw name="Click Element" owner="SeleniumLibrary">
<msg time="2025-05-15T08:55:15.198064" level="INFO">Clicking element 'id=go-back'.</msg>
<arg>${GO_BACK}</arg>
<doc>Click the element identified by ``locator``.</doc>
<status status="PASS" start="2025-05-15T08:55:15.197513" elapsed="0.160772"/>
</kw>
<kw name="Wait Until Element Is Visible" owner="SeleniumLibrary">
<arg>${CALL_US}</arg>
<arg>${TIMEOUT}</arg>
<doc>Waits until the element ``locator`` is visible.</doc>
<status status="PASS" start="2025-05-15T08:55:15.358529" elapsed="0.269766"/>
</kw>
<kw name="Click Element" owner="SeleniumLibrary">
<msg time="2025-05-15T08:55:15.628884" level="INFO">Clicking element 'id=prime-phone'.</msg>
<arg>${CALL_US}</arg>
<doc>Click the element identified by ``locator``.</doc>
<status status="PASS" start="2025-05-15T08:55:15.628526" elapsed="0.214228"/>
</kw>
<kw name="Wait Until Element Is Visible" owner="SeleniumLibrary">
<arg>${GO_BACK}</arg>
<arg>${TIMEOUT}</arg>
<doc>Waits until the element ``locator`` is visible.</doc>
<status status="PASS" start="2025-05-15T08:55:15.843007" elapsed="0.301603"/>
</kw>
<kw name="Click Element" owner="SeleniumLibrary">
<msg time="2025-05-15T08:55:16.145320" level="INFO">Clicking element 'id=go-back'.</msg>
<arg>${GO_BACK}</arg>
<doc>Click the element identified by ``locator``.</doc>
<status status="PASS" start="2025-05-15T08:55:16.144898" elapsed="0.147275"/>
</kw>
<kw name="Wait Until Element Is Visible" owner="SeleniumLibrary">
<arg>${PRIVACY}</arg>
<arg>${TIMEOUT}</arg>
<doc>Waits until the element ``locator`` is visible.</doc>
<status status="PASS" start="2025-05-15T08:55:16.292646" elapsed="0.279978"/>
</kw>
<kw name="Click Element" owner="SeleniumLibrary">
<msg time="2025-05-15T08:55:16.573486" level="INFO">Clicking element 'id=prime-privacy'.</msg>
<arg>${PRIVACY}</arg>
<doc>Click the element identified by ``locator``.</doc>
<status status="PASS" start="2025-05-15T08:55:16.572904" elapsed="0.186211"/>
</kw>
<kw name="Wait Until Element Is Visible" owner="SeleniumLibrary">
<arg>${GO_BACK}</arg>
<arg>${TIMEOUT}</arg>
<doc>Waits until the element ``locator`` is visible.</doc>
<status status="PASS" start="2025-05-15T08:55:16.759368" elapsed="0.256974"/>
</kw>
<kw name="Click Element" owner="SeleniumLibrary">
<msg time="2025-05-15T08:55:17.017245" level="INFO">Clicking element 'id=go-back'.</msg>
<arg>${GO_BACK}</arg>
<doc>Click the element identified by ``locator``.</doc>
<status status="PASS" start="2025-05-15T08:55:17.016792" elapsed="0.159249"/>
</kw>
<kw name="Wait Until Element Is Visible" owner="SeleniumLibrary">
<arg>${ABOUT_US}</arg>
<arg>${TIMEOUT}</arg>
<doc>Waits until the element ``locator`` is visible.</doc>
<status status="PASS" start="2025-05-15T08:55:17.176494" elapsed="0.507051"/>
</kw>
<kw name="Click Element" owner="SeleniumLibrary">
<msg time="2025-05-15T08:55:17.685504" level="INFO">Clicking element 'id=prime-about-us'.</msg>
<arg>${ABOUT_US}</arg>
<doc>Click the element identified by ``locator``.</doc>
<status status="PASS" start="2025-05-15T08:55:17.684792" elapsed="0.173256"/>
</kw>
<kw name="Wait Until Element Is Visible" owner="SeleniumLibrary">
<arg>${GO_BACK}</arg>
<arg>${TIMEOUT}</arg>
<doc>Waits until the element ``locator`` is visible.</doc>
<status status="PASS" start="2025-05-15T08:55:17.858290" elapsed="0.260269"/>
</kw>
<kw name="Click Element" owner="SeleniumLibrary">
<msg time="2025-05-15T08:55:18.119481" level="INFO">Clicking element 'id=go-back'.</msg>
<arg>${GO_BACK}</arg>
<doc>Click the element identified by ``locator``.</doc>
<status status="PASS" start="2025-05-15T08:55:18.119009" elapsed="0.158636"/>
</kw>
<kw name="Wait Until Element Is Visible" owner="SeleniumLibrary">
<arg>${TICKETS}</arg>
<arg>${TIMEOUT}</arg>
<doc>Waits until the element ``locator`` is visible.</doc>
<status status="PASS" start="2025-05-15T08:55:18.277890" elapsed="0.499654"/>
</kw>
<kw name="Click Element" owner="SeleniumLibrary">
<msg time="2025-05-15T08:55:18.778186" level="INFO">Clicking element 'id=prime-ticket'.</msg>
<arg>${TICKETS}</arg>
<doc>Click the element identified by ``locator``.</doc>
<status status="PASS" start="2025-05-15T08:55:18.777806" elapsed="0.180229"/>
</kw>
<kw name="Wait Until Element Is Visible" owner="SeleniumLibrary">
<arg>${GO_BACK}</arg>
<arg>${TIMEOUT}</arg>
<doc>Waits until the element ``locator`` is visible.</doc>
<status status="PASS" start="2025-05-15T08:55:18.958268" elapsed="0.253029"/>
</kw>
<kw name="Click Element" owner="SeleniumLibrary">
<msg time="2025-05-15T08:55:19.211988" level="INFO">Clicking element 'id=go-back'.</msg>
<arg>${GO_BACK}</arg>
<doc>Click the element identified by ``locator``.</doc>
<status status="PASS" start="2025-05-15T08:55:19.211569" elapsed="0.159500"/>
</kw>
<doc>check profile section tabs</doc>
<status status="PASS" start="2025-05-15T08:55:12.675582" elapsed="6.695695"/>
</kw>
<kw name="Switch Between Navigation Bar Items">
<kw name="Wait Until Element Is Visible" owner="SeleniumLibrary">
<arg>${HOME}</arg>
<arg>${TIMEOUT}</arg>
<doc>Waits until the element ``locator`` is visible.</doc>
<status status="PASS" start="2025-05-15T08:55:19.372276" elapsed="0.263055"/>
</kw>
<kw name="Click Element" owner="SeleniumLibrary">
<msg time="2025-05-15T08:55:19.636045" level="INFO">Clicking element 'id=nav-home'.</msg>
<arg>${HOME}</arg>
<doc>Click the element identified by ``locator``.</doc>
<status status="PASS" start="2025-05-15T08:55:19.635638" elapsed="0.175128"/>
</kw>
<kw name="Scroll To Last Vendor">
<kw name="Wait Until Element Is Visible" owner="SeleniumLibrary">
<arg>${SEARCH}</arg>
<arg>${TIMEOUT}</arg>
<doc>Waits until the element ``locator`` is visible.</doc>
<status status="PASS" start="2025-05-15T08:55:19.811472" elapsed="0.168334"/>
</kw>
<kw name="Execute Javascript" owner="SeleniumLibrary">
<msg time="2025-05-15T08:55:19.980598" level="INFO">Executing JavaScript:
window.scrollBy(0, 800)
Without any arguments.</msg>
<arg>window.scrollBy(0, 800)</arg>
<doc>Executes the given JavaScript code with possible arguments.</doc>
<status status="PASS" start="2025-05-15T08:55:19.980058" elapsed="0.010644"/>
</kw>
<kw name="Wait Until Element Is Visible" owner="SeleniumLibrary">
<arg>${LAST_VENDOR}</arg>
<arg>${TIMEOUT}</arg>
<doc>Waits until the element ``locator`` is visible.</doc>
<status status="PASS" start="2025-05-15T08:55:19.990945" elapsed="0.034357"/>
</kw>
<kw name="Click Element" owner="SeleniumLibrary">
<msg time="2025-05-15T08:55:20.026086" level="INFO">Clicking element 'id=vendor-card-GardenofMeysamKhanRestaurant'.</msg>
<arg>${LAST_VENDOR}</arg>
<doc>Click the element identified by ``locator``.</doc>
<status status="PASS" start="2025-05-15T08:55:20.025584" elapsed="0.232899"/>
</kw>
<kw name="Wait Until Element Is Visible" owner="SeleniumLibrary">
<arg>${VENDOR_BACK_BUTTON}</arg>
<arg>${TIMEOUT}</arg>
<doc>Waits until the element ``locator`` is visible.</doc>
<status status="PASS" start="2025-05-15T08:55:20.258749" elapsed="0.271001"/>
</kw>
<kw name="Click Element" owner="SeleniumLibrary">
<msg time="2025-05-15T08:55:20.530405" level="INFO">Clicking element 'id=vendor-index-go-back'.</msg>
<arg>${VENDOR_BACK_BUTTON}</arg>
<doc>Click the element identified by ``locator``.</doc>
<status status="PASS" start="2025-05-15T08:55:20.530003" elapsed="0.160910"/>
</kw>
<doc>Scroll To Last Vendor and check it</doc>
<status status="PASS" start="2025-05-15T08:55:19.811045" elapsed="0.880299"/>
</kw>
<kw name="Wait Until Element Is Visible" owner="SeleniumLibrary">
<arg>${MAP}</arg>
<arg>${TIMEOUT}</arg>
<doc>Waits until the element ``locator`` is visible.</doc>
<status status="PASS" start="2025-05-15T08:55:20.691571" elapsed="0.176492"/>
</kw>
<kw name="Click Element" owner="SeleniumLibrary">
<msg time="2025-05-15T08:55:20.868717" level="INFO">Clicking element 'id=nav-collections-map'.</msg>
<arg>${MAP}</arg>
<doc>Click the element identified by ``locator``.</doc>
<status status="PASS" start="2025-05-15T08:55:20.868319" elapsed="0.174675"/>
</kw>
<kw name="Select Map Vendor">
<kw name="Sleep" owner="BuiltIn">
<msg time="2025-05-15T08:55:24.044660" level="INFO">Slept 3 seconds.</msg>
<arg>3s</arg>
<doc>Pauses the test executed for the given time.</doc>
<status status="PASS" start="2025-05-15T08:55:21.043754" elapsed="3.001860"/>
</kw>
<kw name="Wait Until Element Is Visible" owner="SeleniumLibrary">
<arg>${MAP_VENDOR}</arg>
<arg>${TIMEOUT}</arg>
<doc>Waits until the element ``locator`` is visible.</doc>
<status status="PASS" start="2025-05-15T08:55:24.046422" elapsed="0.046055"/>
</kw>
<kw name="Execute Javascript" owner="SeleniumLibrary">
<msg time="2025-05-15T08:55:24.093231" level="INFO">Executing JavaScript:
document.getElementById('marker-vendor-Higer').click();
Without any arguments.</msg>
<arg>document.getElementById('marker-vendor-Higer').click();</arg>
<doc>Executes the given JavaScript code with possible arguments.</doc>
<status status="PASS" start="2025-05-15T08:55:24.092713" elapsed="0.019941"/>
</kw>
<kw name="Wait Until Element Is Visible" owner="SeleniumLibrary">
<arg>${MAP_VENDOR_FLOAT}</arg>
<arg>${TIMEOUT}</arg>
<doc>Waits until the element ``locator`` is visible.</doc>
<status status="PASS" start="2025-05-15T08:55:24.112896" elapsed="0.240332"/>
</kw>
<kw name="Click Element" owner="SeleniumLibrary">
<msg time="2025-05-15T08:55:24.353852" level="INFO">Clicking element 'id=map-vendor-Higer'.</msg>
<arg>${MAP_VENDOR_FLOAT}</arg>
<doc>Click the element identified by ``locator``.</doc>
<status status="PASS" start="2025-05-15T08:55:24.353476" elapsed="0.152474"/>
</kw>
<kw name="Wait Until Element Is Visible" owner="SeleniumLibrary">
<arg>${VENDOR_BACK_BUTTON}</arg>
<arg>${TIMEOUT}</arg>
<doc>Waits until the element ``locator`` is visible.</doc>
<status status="PASS" start="2025-05-15T08:55:24.506198" elapsed="0.464337"/>
</kw>
<kw name="Click Element" owner="SeleniumLibrary">
<msg time="2025-05-15T08:55:24.971264" level="INFO">Clicking element 'id=vendor-index-go-back'.</msg>
<arg>${VENDOR_BACK_BUTTON}</arg>
<doc>Click the element identified by ``locator``.</doc>
<status status="PASS" start="2025-05-15T08:55:24.970819" elapsed="0.152786"/>
</kw>
<doc>check vendor in map</doc>
<status status="PASS" start="2025-05-15T08:55:21.043310" elapsed="4.080553"/>
</kw>
<kw name="Wait Until Element Is Visible" owner="SeleniumLibrary">
<arg>${ORDERS}</arg>
<arg>${TIMEOUT}</arg>
<doc>Waits until the element ``locator`` is visible.</doc>
<status status="PASS" start="2025-05-15T08:55:25.124123" elapsed="0.085164"/>
</kw>
<kw name="Click Element" owner="SeleniumLibrary">
<msg time="2025-05-15T08:55:25.209938" level="INFO">Clicking element 'id=nav-orders'.</msg>
<arg>${ORDERS}</arg>
<doc>Click the element identified by ``locator``.</doc>
<status status="PASS" start="2025-05-15T08:55:25.209548" elapsed="0.198322"/>
</kw>
<kw name="Sleep" owner="BuiltIn">
<msg time="2025-05-15T08:55:27.409892" level="INFO">Slept 2 seconds.</msg>
<arg>2s</arg>
<doc>Pauses the test executed for the given time.</doc>
<status status="PASS" start="2025-05-15T08:55:25.408465" elapsed="2.002127"/>
</kw>
<kw name="Wait Until Element Is Visible" owner="SeleniumLibrary">
<arg>${GO_BACK}</arg>
<arg>${TIMEOUT}</arg>
<doc>Waits until the element ``locator`` is visible.</doc>
<status status="PASS" start="2025-05-15T08:55:27.411192" elapsed="0.039331"/>
</kw>
<kw name="Click Element" owner="SeleniumLibrary">
<msg time="2025-05-15T08:55:27.451229" level="INFO">Clicking element 'id=go-back'.</msg>
<arg>${GO_BACK}</arg>
<doc>Click the element identified by ``locator``.</doc>
<status status="PASS" start="2025-05-15T08:55:27.450799" elapsed="0.154769"/>
</kw>
<doc>check navigation bar is working and more actions</doc>
<status status="PASS" start="2025-05-15T08:55:19.371787" elapsed="8.234007"/>
</kw>
<kw name="Capture Page Screenshot" owner="SeleniumLibrary" type="TEARDOWN">
<msg time="2025-05-15T08:55:28.145595" level="INFO" html="true">&lt;/td&gt;&lt;/tr&gt;&lt;tr&gt;&lt;td colspan="3"&gt;&lt;a href="selenium-screenshot-2.png"&gt;&lt;img src="selenium-screenshot-2.png" width="800px"&gt;&lt;/a&gt;</msg>
<doc>Takes a screenshot of the current page and embeds it into a log file.</doc>
<status status="PASS" start="2025-05-15T08:55:27.606363" elapsed="0.539635"/>
</kw>
<status status="PASS" start="2025-05-15T08:53:58.055092" elapsed="90.092259"/>
</test>
<kw name="Close All Browsers" owner="SeleniumLibrary" type="TEARDOWN">
<doc>Closes all open browsers and resets the browser cache.</doc>
<status status="PASS" start="2025-05-15T08:55:28.150661" elapsed="6.529560"/>
</kw>
<status status="PASS" start="2025-05-15T08:53:01.878135" elapsed="152.802367"/>
</suite>
<status status="PASS" start="2025-05-15T08:53:01.874941" elapsed="152.807922"/>
</suite>
<status status="PASS" start="2025-05-15T08:53:01.839760" elapsed="152.846059"/>
</suite>
<statistics>
<total>
<stat pass="1" fail="0" skip="0">All Tests</stat>
</total>
<tag>
</tag>
<suite>
<stat name="My Robot Project" id="s1" pass="1" fail="0" skip="0">My Robot Project</stat>
<stat name="Tests" id="s1-s1" pass="1" fail="0" skip="0">My Robot Project.Tests</stat>
<stat name="E2E Zoodex Walk Web Mobile" id="s1-s1-s1" pass="1" fail="0" skip="0">My Robot Project.Tests.E2E Zoodex Walk Web Mobile</stat>
</suite>
</statistics>
<errors>
</errors>
</robot>
