<?xml version="1.0" encoding="UTF-8"?>
<robot generator="Robot 7.2.2 (Python 3.13.3 on win32)" generated="2025-05-17T08:27:16.594345" rpa="false" schemaversion="5">
<suite id="s1" name="My Robot Project" source="C:\Users\MatinRK\Documents\my_robot_project">
<suite id="s1-s1" name="Tests" source="C:\Users\MatinRK\Documents\my_robot_project\tests">
<suite id="s1-s1-s1" name="E2E Zoodex Walk Web Mobile" source="C:\Users\MatinRK\Documents\my_robot_project\tests\e2e_zoodex_walk_web_mobile.robot">
<kw name="Initialize Mobile Browser" owner="common" type="SETUP">
<kw name="Create Dictionary" owner="BuiltIn">
<msg time="2025-05-17T08:27:17.125681" level="INFO">${mobile_emulation} = {'deviceName': 'Pixel 2'}</msg>
<var>${mobile_emulation}</var>
<arg>deviceName</arg>
<arg>Pixel 2</arg>
<doc>Creates and returns a dictionary based on the given ``items``.</doc>
<status status="PASS" start="2025-05-17T08:27:17.124343" elapsed="0.002312"/>
</kw>
<kw name="Evaluate" owner="BuiltIn">
<msg time="2025-05-17T08:27:17.128005" level="INFO">${options} = &lt;selenium.webdriver.chrome.options.Options object at 0x0000019A020463C0&gt;</msg>
<var>${options}</var>
<arg>sys.modules['selenium.webdriver'].ChromeOptions()</arg>
<arg>sys,selenium.webdriver</arg>
<doc>Evaluates the given expression in Python and returns the result.</doc>
<status status="PASS" start="2025-05-17T08:27:17.127058" elapsed="0.001341"/>
</kw>
<kw name="Call Method" owner="BuiltIn">
<arg>${options}</arg>
<arg>add_experimental_option</arg>
<arg>mobileEmulation</arg>
<arg>${mobile_emulation}</arg>
<doc>Calls the named method of the given object with the provided arguments.</doc>
<status status="PASS" start="2025-05-17T08:27:17.128722" elapsed="0.000628"/>
</kw>
<kw name="Open Browser" owner="SeleniumLibrary">
<msg time="2025-05-17T08:27:17.130556" level="INFO">Opening browser 'chrome' to base url 'https://zoodexwalk.ir'.</msg>
<arg>${WALK_URL}</arg>
<arg>${BROWSER}</arg>
<arg>options=${options}</arg>
<doc>Opens a new browser instance to the optional ``url``.</doc>
<status status="PASS" start="2025-05-17T08:27:17.129660" elapsed="5.630976"/>
</kw>
<status status="PASS" start="2025-05-17T08:27:17.122190" elapsed="5.638767"/>
</kw>
<test id="s1-s1-s1-t1" name="E2E: Zoodex Walk User Search Vendor And Order" line="82">
<kw name="Go To Zoodex Walk" owner="common" type="SETUP">
<kw name="Go To" owner="SeleniumLibrary">
<msg time="2025-05-17T08:27:22.766041" level="INFO">Opening url 'https://zoodexwalk.ir'</msg>
<arg>${WALK_URL}</arg>
<doc>Navigates the current browser window to the provided ``url``.</doc>
<status status="PASS" start="2025-05-17T08:27:22.765051" elapsed="0.086576"/>
</kw>
<doc>Go to zoodex walk</doc>
<status status="PASS" start="2025-05-17T08:27:22.764046" elapsed="0.088005"/>
</kw>
<kw name="Sleep" owner="BuiltIn">
<msg time="2025-05-17T08:27:25.853436" level="INFO">Slept 3 seconds.</msg>
<arg>3s</arg>
<doc>Pauses the test executed for the given time.</doc>
<status status="PASS" start="2025-05-17T08:27:22.852494" elapsed="3.003884"/>
</kw>
<kw name="Search ,Add Item And Doubble It">
<kw name="Wait Until Element Is Visible" owner="SeleniumLibrary">
<arg>${SEARCH}</arg>
<arg>${TIMEOUT}</arg>
<doc>Waits until the element ``locator`` is visible.</doc>
<status status="PASS" start="2025-05-17T08:27:25.858644" elapsed="0.286050"/>
</kw>
<kw name="Click Element" owner="SeleniumLibrary">
<msg time="2025-05-17T08:27:26.146383" level="INFO">Clicking element 'id=index-search'.</msg>
<arg>${SEARCH}</arg>
<doc>Click the element identified by ``locator``.</doc>
<status status="PASS" start="2025-05-17T08:27:26.145384" elapsed="0.203053"/>
</kw>
<kw name="Wait Until Element Is Visible" owner="SeleniumLibrary">
<arg>${SEARCH_BOX}</arg>
<arg>${TIMEOUT}</arg>
<doc>Waits until the element ``locator`` is visible.</doc>
<status status="PASS" start="2025-05-17T08:27:26.348969" elapsed="0.252327"/>
</kw>
<kw name="Input Text" owner="SeleniumLibrary">
<msg time="2025-05-17T08:27:26.602259" level="INFO">Typing text 'پیتزا' into text field 'id=search-input'.</msg>
<arg>${SEARCH_BOX}</arg>
<arg>${SEARCH_WORD}</arg>
<doc>Types the given ``text`` into the text field identified by ``locator``.</doc>
<status status="PASS" start="2025-05-17T08:27:26.601596" elapsed="0.150541"/>
</kw>
<kw name="Sleep" owner="BuiltIn">
<msg time="2025-05-17T08:27:29.756910" level="INFO">Slept 3 seconds.</msg>
<arg>3s</arg>
<doc>Pauses the test executed for the given time.</doc>
<status status="PASS" start="2025-05-17T08:27:26.753423" elapsed="3.004008"/>
</kw>
<kw name="Wait Until Element Is Visible" owner="SeleniumLibrary">
<arg>${FIRST_SEARCH_RESULT}</arg>
<arg>${TIMEOUT}</arg>
<doc>Waits until the element ``locator`` is visible.</doc>
<status status="PASS" start="2025-05-17T08:27:29.757734" elapsed="0.031867"/>
</kw>
<kw name="Click Element" owner="SeleniumLibrary">
<msg time="2025-05-17T08:27:29.790398" level="INFO">Clicking element 'id=product-532388'.</msg>
<arg>${FIRST_SEARCH_RESULT}</arg>
<doc>Click the element identified by ``locator``.</doc>
<status status="PASS" start="2025-05-17T08:27:29.789928" elapsed="0.191626"/>
</kw>
<kw name="Wait Until Element Is Visible" owner="SeleniumLibrary">
<arg>${ADD_BUTTON1}</arg>
<arg>${TIMEOUT}</arg>
<doc>Waits until the element ``locator`` is visible.</doc>
<status status="PASS" start="2025-05-17T08:27:29.981828" elapsed="0.096426"/>
</kw>
<kw name="Click Element" owner="SeleniumLibrary">
<msg time="2025-05-17T08:27:30.079010" level="INFO">Clicking element 'id=product-add-532388'.</msg>
<arg>${ADD_BUTTON1}</arg>
<doc>Click the element identified by ``locator``.</doc>
<status status="PASS" start="2025-05-17T08:27:30.078598" elapsed="0.237292"/>
</kw>
<kw name="Wait Until Element Is Visible" owner="SeleniumLibrary">
<arg>${PLUS_BUTTON1}</arg>
<arg>${TIMEOUT}</arg>
<doc>Waits until the element ``locator`` is visible.</doc>
<status status="PASS" start="2025-05-17T08:27:30.316148" elapsed="0.034611"/>
</kw>
<kw name="Click Element" owner="SeleniumLibrary">
<msg time="2025-05-17T08:27:30.351416" level="INFO">Clicking element 'id=plus-product-532388'.</msg>
<arg>${PLUS_BUTTON1}</arg>
<doc>Click the element identified by ``locator``.</doc>
<status status="PASS" start="2025-05-17T08:27:30.351033" elapsed="0.294379"/>
</kw>
<doc>Open search box and search , choose a item , add to cart</doc>
<status status="PASS" start="2025-05-17T08:27:25.857715" elapsed="4.787937"/>
</kw>
<kw name="Close Search">
<kw name="Wait Until Element Is Visible" owner="SeleniumLibrary">
<arg>${GO_BACK_BUTTON}</arg>
<arg>${TIMEOUT}</arg>
<doc>Waits until the element ``locator`` is visible.</doc>
<status status="PASS" start="2025-05-17T08:27:30.646722" elapsed="0.051344"/>
</kw>
<kw name="Click Element" owner="SeleniumLibrary">
<msg time="2025-05-17T08:27:30.698705" level="INFO">Clicking element 'id=product-detail-back'.</msg>
<arg>${GO_BACK_BUTTON}</arg>
<doc>Click the element identified by ``locator``.</doc>
<status status="PASS" start="2025-05-17T08:27:30.698315" elapsed="0.280453"/>
</kw>
<doc>Return from search to home screen</doc>
<status status="PASS" start="2025-05-17T08:27:30.646178" elapsed="0.333375"/>
</kw>
<kw name="Go To First Vendor">
<kw name="Wait Until Element Is Visible" owner="SeleniumLibrary">
<arg>${FIRST_VENDOR}</arg>
<arg>${TIMEOUT}</arg>
<doc>Waits until the element ``locator`` is visible.</doc>
<status status="PASS" start="2025-05-17T08:27:30.982930" elapsed="0.291241"/>
</kw>
<kw name="Click Element" owner="SeleniumLibrary">
<msg time="2025-05-17T08:27:31.274846" level="INFO">Clicking element 'id=vendor-card-GardenofMeysamKhanRestaurant'.</msg>
<arg>${FIRST_VENDOR}</arg>
<doc>Click the element identified by ``locator``.</doc>
<status status="PASS" start="2025-05-17T08:27:31.274449" elapsed="0.212439"/>
</kw>
<doc>Open first vendor</doc>
<status status="PASS" start="2025-05-17T08:27:30.980588" elapsed="0.507054"/>
</kw>
<kw name="Go To Menu Select a Food ,And Empty Order">
<kw name="Wait Until Element Is Visible" owner="SeleniumLibrary">
<arg>${SHOW_MENU_BUTTON}</arg>
<arg>${TIMEOUT}</arg>
<doc>Waits until the element ``locator`` is visible.</doc>
<status status="PASS" start="2025-05-17T08:27:31.490559" elapsed="0.319115"/>
</kw>
<kw name="Click Element" owner="SeleniumLibrary">
<msg time="2025-05-17T08:27:31.810605" level="INFO">Clicking element 'id=vendor-index-go-to-menu'.</msg>
<arg>${SHOW_MENU_BUTTON}</arg>
<doc>Click the element identified by ``locator``.</doc>
<status status="PASS" start="2025-05-17T08:27:31.810177" elapsed="0.209278"/>
</kw>
<kw name="Switch Between Menu Tabs">
<kw name="Wait Until Element Is Visible" owner="SeleniumLibrary">
<arg>${MENU_TAB1}</arg>
<arg>${TIMEOUT}</arg>
<doc>Waits until the element ``locator`` is visible.</doc>
<status status="PASS" start="2025-05-17T08:27:32.021772" elapsed="0.763039"/>
</kw>
<kw name="Click Element" owner="SeleniumLibrary">
<msg time="2025-05-17T08:27:32.786788" level="INFO">Clicking element 'id=nav-58140'.</msg>
<arg>${MENU_TAB1}</arg>
<doc>Click the element identified by ``locator``.</doc>
<status status="PASS" start="2025-05-17T08:27:32.785708" elapsed="0.423554"/>
</kw>
<kw name="Sleep" owner="BuiltIn">
<msg time="2025-05-17T08:27:35.210154" level="INFO">Slept 2 seconds.</msg>
<arg>2s</arg>
<doc>Pauses the test executed for the given time.</doc>
<status status="PASS" start="2025-05-17T08:27:33.209542" elapsed="2.001222"/>
</kw>
<kw name="Click Element" owner="SeleniumLibrary">
<msg time="2025-05-17T08:27:35.212498" level="INFO">Clicking element 'id=nav-58138'.</msg>
<arg>${MENU_TAB2}</arg>
<doc>Click the element identified by ``locator``.</doc>
<status status="PASS" start="2025-05-17T08:27:35.211226" elapsed="0.212703"/>
</kw>
<kw name="Sleep" owner="BuiltIn">
<msg time="2025-05-17T08:27:37.424749" level="INFO">Slept 2 seconds.</msg>
<arg>2s</arg>
<doc>Pauses the test executed for the given time.</doc>
<status status="PASS" start="2025-05-17T08:27:35.424205" elapsed="2.001001"/>
</kw>
<kw name="Click Element" owner="SeleniumLibrary">
<msg time="2025-05-17T08:27:37.426468" level="INFO">Clicking element 'id=nav-58129'.</msg>
<arg>${MENU_TAB3}</arg>
<doc>Click the element identified by ``locator``.</doc>
<status status="PASS" start="2025-05-17T08:27:37.425676" elapsed="0.238647"/>
</kw>
<kw name="Sleep" owner="BuiltIn">
<msg time="2025-05-17T08:27:40.667404" level="INFO">Slept 3 seconds.</msg>
<arg>3s</arg>
<doc>Pauses the test executed for the given time.</doc>
<status status="PASS" start="2025-05-17T08:27:37.665323" elapsed="3.004735"/>
</kw>
<kw name="Click Element" owner="SeleniumLibrary">
<msg time="2025-05-17T08:27:40.675714" level="INFO">Clicking element 'id=nav-58129'.</msg>
<msg time="2025-05-17T08:27:46.122662" level="INFO" html="true">&lt;/td&gt;&lt;/tr&gt;&lt;tr&gt;&lt;td colspan="3"&gt;&lt;a href="selenium-screenshot-2.png"&gt;&lt;img src="selenium-screenshot-2.png" width="800px"&gt;&lt;/a&gt;</msg>
<arg>${MENU_TAB3}</arg>
<doc>Click the element identified by ``locator``.</doc>
<status status="FAIL" start="2025-05-17T08:27:40.672340" elapsed="5.450639">Execution terminated by signal</status>
</kw>
<kw name="Sleep" owner="BuiltIn">
<arg>2s</arg>
<doc>Pauses the test executed for the given time.</doc>
<status status="NOT RUN" start="2025-05-17T08:27:46.123262" elapsed="0.000183"/>
</kw>
<doc>switch between menu tabs in vendor</doc>
<status status="FAIL" start="2025-05-17T08:27:32.020483" elapsed="14.103140">Execution terminated by signal</status>
</kw>
<kw name="Wait Until Element Is Visible" owner="SeleniumLibrary">
<arg>${ADD_BUTTON2}</arg>
<arg>${TIMEOUT}</arg>
<doc>Waits until the element ``locator`` is visible.</doc>
<status status="NOT RUN" start="2025-05-17T08:27:46.123793" elapsed="0.000134"/>
</kw>
<kw name="Click Element" owner="SeleniumLibrary">
<arg>${ADD_BUTTON2}</arg>
<doc>Click the element identified by ``locator``.</doc>
<status status="NOT RUN" start="2025-05-17T08:27:46.124080" elapsed="0.000157"/>
</kw>
<kw name="Wait Until Element Is Visible" owner="SeleniumLibrary">
<arg>${EMPTY_CARD}</arg>
<arg>${TIMEOUT}</arg>
<doc>Waits until the element ``locator`` is visible.</doc>
<status status="NOT RUN" start="2025-05-17T08:27:46.124389" elapsed="0.000150"/>
</kw>
<kw name="Click Button" owner="SeleniumLibrary">
<arg>${EMPTY_CARD}</arg>
<doc>Clicks the button identified by ``locator``.</doc>
<status status="NOT RUN" start="2025-05-17T08:27:46.124688" elapsed="0.000143"/>
</kw>
<kw name="Sleep" owner="BuiltIn">
<arg>3s</arg>
<doc>Pauses the test executed for the given time.</doc>
<status status="NOT RUN" start="2025-05-17T08:27:46.124973" elapsed="0.000127"/>
</kw>
<kw name="Wait Until Element Is Visible" owner="SeleniumLibrary">
<arg>${PLUS_BUTTON2}</arg>
<arg>${TIMEOUT}</arg>
<doc>Waits until the element ``locator`` is visible.</doc>
<status status="NOT RUN" start="2025-05-17T08:27:46.125252" elapsed="0.000143"/>
</kw>
<kw name="Click Element" owner="SeleniumLibrary">
<arg>${PLUS_BUTTON2}</arg>
<doc>Click the element identified by ``locator``.</doc>
<status status="NOT RUN" start="2025-05-17T08:27:46.125544" elapsed="0.000123"/>
</kw>
<kw name="Wait Until Element Is Visible" owner="SeleniumLibrary">
<arg>${CARD_BUTTON}</arg>
<arg>${TIMEOUT}</arg>
<doc>Waits until the element ``locator`` is visible.</doc>
<status status="NOT RUN" start="2025-05-17T08:27:46.125827" elapsed="0.000130"/>
</kw>
<kw name="Click Element" owner="SeleniumLibrary">
<arg>${CARD_BUTTON}</arg>
<doc>Click the element identified by ``locator``.</doc>
<status status="NOT RUN" start="2025-05-17T08:27:46.126116" elapsed="0.000143"/>
</kw>
<doc>Go to vedor menu and switch between tabs ,add food to cart ,add more food ,go to card</doc>
<status status="FAIL" start="2025-05-17T08:27:31.489124" elapsed="14.637276">Execution terminated by signal</status>
</kw>
<kw name="Add Description And Change Order ,Continue">
<doc>Add description ,set food number to one and countinue order</doc>
<status status="NOT RUN" start="2025-05-17T08:27:46.127028" elapsed="0.000235"/>
</kw>
<kw name="Login User">
<doc>login user with manually entering verification code</doc>
<status status="NOT RUN" start="2025-05-17T08:27:46.127718" elapsed="0.000175"/>
</kw>
<kw name="Reservation And Enter Persons">
<doc>check persons number button and enter</doc>
<status status="NOT RUN" start="2025-05-17T08:27:46.128335" elapsed="0.000157"/>
</kw>
<kw name="Chech Box Test">
<doc>zoodex payment check box ,check</doc>
<status status="NOT RUN" start="2025-05-17T08:27:46.129197" elapsed="0.000131"/>
</kw>
<kw name="Back To Menu Into The Cart">
<doc>return to menu from cart ,and click buttons</doc>
<status status="NOT RUN" start="2025-05-17T08:27:46.129733" elapsed="0.000159"/>
</kw>
<kw name="Go To Profile And Personal Information ,Test Fields">
<doc>go to profile and change personal information</doc>
<status status="NOT RUN" start="2025-05-17T08:27:46.130332" elapsed="0.000165"/>
</kw>
<kw name="Edit Bank Information">
<doc>checking text fields and press submit button</doc>
<status status="NOT RUN" start="2025-05-17T08:27:46.130871" elapsed="0.000152"/>
</kw>
<kw name="Return To Profile Section">
<doc>return to profile section from privacy information</doc>
<status status="NOT RUN" start="2025-05-17T08:27:46.131366" elapsed="0.000133"/>
</kw>
<kw name="Switch Between Profile Tabs">
<doc>check profile section tabs</doc>
<status status="NOT RUN" start="2025-05-17T08:27:46.131936" elapsed="0.000141"/>
</kw>
<kw name="Switch Between Navigation Bar Items">
<doc>check navigation bar is working and more actions</doc>
<status status="NOT RUN" start="2025-05-17T08:27:46.132489" elapsed="0.000217"/>
</kw>
<kw name="Capture Page Screenshot" owner="SeleniumLibrary" type="TEARDOWN">
<msg time="2025-05-17T08:27:46.375436" level="INFO" html="true">&lt;/td&gt;&lt;/tr&gt;&lt;tr&gt;&lt;td colspan="3"&gt;&lt;a href="selenium-screenshot-3.png"&gt;&lt;img src="selenium-screenshot-3.png" width="800px"&gt;&lt;/a&gt;</msg>
<doc>Takes a screenshot of the current page and embeds it into a log file.</doc>
<status status="PASS" start="2025-05-17T08:27:46.133757" elapsed="0.242047"/>
</kw>
<status status="FAIL" start="2025-05-17T08:27:22.761229" elapsed="23.615714">Execution terminated by signal</status>
</test>
<kw name="Close All Browsers" owner="SeleniumLibrary" type="TEARDOWN">
<doc>Closes all open browsers and resets the browser cache.</doc>
<status status="PASS" start="2025-05-17T08:27:46.378897" elapsed="2.329530"/>
</kw>
<status status="FAIL" start="2025-05-17T08:27:16.683542" elapsed="32.025622"/>
</suite>
<status status="FAIL" start="2025-05-17T08:27:16.679465" elapsed="32.038235"/>
</suite>
<status status="FAIL" start="2025-05-17T08:27:16.600705" elapsed="32.123917"/>
</suite>
<statistics>
<total>
<stat pass="0" fail="1" skip="0">All Tests</stat>
</total>
<tag>
</tag>
<suite>
<stat name="My Robot Project" id="s1" pass="0" fail="1" skip="0">My Robot Project</stat>
<stat name="Tests" id="s1-s1" pass="0" fail="1" skip="0">My Robot Project.Tests</stat>
<stat name="E2E Zoodex Walk Web Mobile" id="s1-s1-s1" pass="0" fail="1" skip="0">My Robot Project.Tests.E2E Zoodex Walk Web Mobile</stat>
</suite>
</statistics>
<errors>
</errors>
</robot>
