<?xml version="1.0" encoding="UTF-8"?>
<robot generator="Robot 7.2.2 (Python 3.13.3 on win32)" generated="2025-05-20T10:55:05.775638" rpa="false" schemaversion="5">
<suite id="s1" name="My Robot Project" source="C:\Users\MatinRK\Documents\my_robot_project">
<suite id="s1-s1" name="Tests" source="C:\Users\MatinRK\Documents\my_robot_project\tests">
<suite id="s1-s1-s1" name="Walk Flows" source="C:\Users\MatinRK\Documents\my_robot_project\tests\walk flows">
<suite id="s1-s1-s1-s1" name="Search Submit Order" source="C:\Users\MatinRK\Documents\my_robot_project\tests\walk flows\search_submit_order.robot">
<kw name="Initialize Mobile Browser" owner="common" type="SETUP">
<kw name="Create Dictionary" owner="BuiltIn">
<msg time="2025-05-20T10:55:06.128405" level="INFO">${mobile_emulation} = {'deviceName': 'Pixel 2'}</msg>
<var>${mobile_emulation}</var>
<arg>deviceName</arg>
<arg>Pixel 2</arg>
<doc>Creates and returns a dictionary based on the given ``items``.</doc>
<status status="PASS" start="2025-05-20T10:55:06.127503" elapsed="0.001357"/>
</kw>
<kw name="Evaluate" owner="BuiltIn">
<msg time="2025-05-20T10:55:06.129863" level="INFO">${options} = &lt;selenium.webdriver.chrome.options.Options object at 0x00000141CE536510&gt;</msg>
<var>${options}</var>
<arg>sys.modules['selenium.webdriver'].ChromeOptions()</arg>
<arg>sys,selenium.webdriver</arg>
<doc>Evaluates the given expression in Python and returns the result.</doc>
<status status="PASS" start="2025-05-20T10:55:06.129195" elapsed="0.001159"/>
</kw>
<kw name="Call Method" owner="BuiltIn">
<arg>${options}</arg>
<arg>add_experimental_option</arg>
<arg>mobileEmulation</arg>
<arg>${mobile_emulation}</arg>
<doc>Calls the named method of the given object with the provided arguments.</doc>
<status status="PASS" start="2025-05-20T10:55:06.130638" elapsed="0.000757"/>
</kw>
<kw name="Open Browser" owner="SeleniumLibrary">
<msg time="2025-05-20T10:55:06.132251" level="INFO">Opening browser 'chrome' to base url 'https://zoodexwalk.ir'.</msg>
<arg>${WALK_URL}</arg>
<arg>${BROWSER}</arg>
<arg>options=${options}</arg>
<doc>Opens a new browser instance to the optional ``url``.</doc>
<status status="PASS" start="2025-05-20T10:55:06.131654" elapsed="6.549477"/>
</kw>
<status status="PASS" start="2025-05-20T10:55:06.125605" elapsed="6.555911"/>
</kw>
<test id="s1-s1-s1-s1-t1" name="Search Submit Order Test" line="12">
<kw name="Go To Zoodex Walk" owner="common" type="SETUP">
<kw name="Go To" owner="SeleniumLibrary">
<msg time="2025-05-20T10:55:12.687940" level="INFO">Opening url 'https://zoodexwalk.ir'</msg>
<arg>${WALK_URL}</arg>
<doc>Navigates the current browser window to the provided ``url``.</doc>
<status status="PASS" start="2025-05-20T10:55:12.687057" elapsed="0.160022"/>
</kw>
<doc>Go to zoodex walk</doc>
<status status="PASS" start="2025-05-20T10:55:12.685401" elapsed="0.162342"/>
</kw>
<kw name="Sleep" owner="BuiltIn">
<msg time="2025-05-20T10:55:15.849752" level="INFO">Slept 3 seconds.</msg>
<arg>3s</arg>
<doc>Pauses the test executed for the given time.</doc>
<status status="PASS" start="2025-05-20T10:55:12.848357" elapsed="3.001887"/>
</kw>
<kw name="Wait Until Element Is Visible" owner="SeleniumLibrary">
<arg>${SEARCH}</arg>
<arg>${TIMEOUT}</arg>
<doc>Waits until the element ``locator`` is visible.</doc>
<status status="PASS" start="2025-05-20T10:55:15.851248" elapsed="0.051692"/>
</kw>
<kw name="Click Element" owner="SeleniumLibrary">
<msg time="2025-05-20T10:55:15.903974" level="INFO">Clicking element 'id=index-search'.</msg>
<arg>${SEARCH}</arg>
<doc>Click the element identified by ``locator``.</doc>
<status status="PASS" start="2025-05-20T10:55:15.903492" elapsed="0.202318"/>
</kw>
<kw name="Wait Until Element Is Visible" owner="SeleniumLibrary">
<arg>${SEARCH_BOX}</arg>
<arg>${TIMEOUT}</arg>
<doc>Waits until the element ``locator`` is visible.</doc>
<status status="PASS" start="2025-05-20T10:55:16.106428" elapsed="0.475107"/>
</kw>
<kw name="Input Text" owner="SeleniumLibrary">
<msg time="2025-05-20T10:55:16.582591" level="INFO">Typing text 'پیتزا' into text field 'id=search-input'.</msg>
<arg>${SEARCH_BOX}</arg>
<arg>${SEARCH_WORD}</arg>
<doc>Types the given ``text`` into the text field identified by ``locator``.</doc>
<status status="PASS" start="2025-05-20T10:55:16.582029" elapsed="0.118065"/>
</kw>
<kw name="Sleep" owner="BuiltIn">
<msg time="2025-05-20T10:55:19.701591" level="INFO">Slept 3 seconds.</msg>
<arg>3s</arg>
<doc>Pauses the test executed for the given time.</doc>
<status status="PASS" start="2025-05-20T10:55:16.700942" elapsed="3.001017"/>
</kw>
<kw name="Wait Until Element Is Visible" owner="SeleniumLibrary">
<arg>${FIRST_SEARCH_RESULT}</arg>
<arg>${TIMEOUT}</arg>
<doc>Waits until the element ``locator`` is visible.</doc>
<status status="PASS" start="2025-05-20T10:55:19.702606" elapsed="0.081424"/>
</kw>
<kw name="Click Element" owner="SeleniumLibrary">
<msg time="2025-05-20T10:55:19.785342" level="INFO">Clicking element 'id=product-532388'.</msg>
<arg>${FIRST_SEARCH_RESULT}</arg>
<doc>Click the element identified by ``locator``.</doc>
<status status="PASS" start="2025-05-20T10:55:19.784623" elapsed="0.201481"/>
</kw>
<kw name="Wait Until Element Is Visible" owner="SeleniumLibrary">
<arg>${ADD_BUTTON1}</arg>
<arg>${TIMEOUT}</arg>
<doc>Waits until the element ``locator`` is visible.</doc>
<status status="PASS" start="2025-05-20T10:55:19.986885" elapsed="0.211679"/>
</kw>
<kw name="Click Element" owner="SeleniumLibrary">
<msg time="2025-05-20T10:55:20.200157" level="INFO">Clicking element 'id=product-add-532388'.</msg>
<arg>${ADD_BUTTON1}</arg>
<doc>Click the element identified by ``locator``.</doc>
<status status="PASS" start="2025-05-20T10:55:20.199214" elapsed="0.359660"/>
</kw>
<kw name="Wait Until Element Is Visible" owner="SeleniumLibrary">
<arg>${PLUS_BUTTON1}</arg>
<arg>${TIMEOUT}</arg>
<doc>Waits until the element ``locator`` is visible.</doc>
<status status="PASS" start="2025-05-20T10:55:20.561066" elapsed="0.030476"/>
</kw>
<kw name="Click Element" owner="SeleniumLibrary">
<msg time="2025-05-20T10:55:20.594375" level="INFO">Clicking element 'id=plus-product-532388'.</msg>
<arg>${PLUS_BUTTON1}</arg>
<doc>Click the element identified by ``locator``.</doc>
<status status="PASS" start="2025-05-20T10:55:20.592529" elapsed="0.283941"/>
</kw>
<kw name="Capture Page Screenshot" owner="SeleniumLibrary" type="TEARDOWN">
<msg time="2025-05-20T10:55:21.399621" level="INFO" html="true">&lt;/td&gt;&lt;/tr&gt;&lt;tr&gt;&lt;td colspan="3"&gt;&lt;a href="selenium-screenshot-77.png"&gt;&lt;img src="selenium-screenshot-77.png" width="800px"&gt;&lt;/a&gt;</msg>
<doc>Takes a screenshot of the current page and embeds it into a log file.</doc>
<status status="PASS" start="2025-05-20T10:55:20.877993" elapsed="0.522237"/>
</kw>
<status status="PASS" start="2025-05-20T10:55:12.681875" elapsed="8.718860"/>
</test>
<kw name="Close All Browsers" owner="SeleniumLibrary" type="TEARDOWN">
<doc>Closes all open browsers and resets the browser cache.</doc>
<status status="PASS" start="2025-05-20T10:55:21.403263" elapsed="6.521510"/>
</kw>
<status status="PASS" start="2025-05-20T10:55:05.842413" elapsed="22.082647"/>
</suite>
<status status="PASS" start="2025-05-20T10:55:05.839349" elapsed="22.088471"/>
</suite>
<status status="PASS" start="2025-05-20T10:55:05.833343" elapsed="22.096985"/>
</suite>
<status status="PASS" start="2025-05-20T10:55:05.784790" elapsed="22.147574"/>
</suite>
<statistics>
<total>
<stat pass="1" fail="0" skip="0">All Tests</stat>
</total>
<tag>
</tag>
<suite>
<stat name="My Robot Project" id="s1" pass="1" fail="0" skip="0">My Robot Project</stat>
<stat name="Tests" id="s1-s1" pass="1" fail="0" skip="0">My Robot Project.Tests</stat>
<stat name="Walk Flows" id="s1-s1-s1" pass="1" fail="0" skip="0">My Robot Project.Tests.Walk Flows</stat>
<stat name="Search Submit Order" id="s1-s1-s1-s1" pass="1" fail="0" skip="0">My Robot Project.Tests.Walk Flows.Search Submit Order</stat>
</suite>
</statistics>
<errors>
</errors>
</robot>
